[mathy@zbook-mathy wpa_supplicant]$ sudo ./wpa_supplicant -D nl80211 -i wlan2 -c decoyauth-client.conf -dd -K
wpa_supplicant v2.12-devel
random: Trying to read entropy from /dev/random
Successfully initialized wpa_supplicant
Initializing interface 'wlan2' conf 'decoyauth-client.conf' driver 'nl80211' ctrl_interface 'N/A' bridge 'N/A'
Configuration file 'decoyauth-client.conf' -> '/home/mathy/research/wifi/wpa3multipass/decoyauth/hostap/wpa_supplicant/decoyauth-client.conf'
Reading configuration file '/home/mathy/research/wifi/wpa3multipass/decoyauth/hostap/wpa_supplicant/decoyauth-client.conf'
Line: 1 - start of a new network block
ssid - hexdump_ascii(len=11):
     74 65 73 74 6e 65 74 77 6f 72 6b                  testnetwork     
PSK (ASCII passphrase) - hexdump_ascii(len=10):
     50 41 53 53 57 4f 52 44 5f 31                     PASSWORD_1      
key_mgmt: 0x400
ieee80211w=2 (0x2)
proto: 0x2
pairwise: 0x10
group: 0x10
PSK (from passphrase) - hexdump(len=32): cd 5f f2 7d 9c d8 50 0f 25 25 53 17 83 83 40 87 f7 95 0b 72 f3 a1 04 70 8b ad e5 eb 7a a4 8e 3e
Priority group 0
   id=0 ssid='testnetwork'
nl80211: Kernel version: Linux 6.12.43-1-lts (#1 SMP PREEMPT_DYNAMIC Wed, 20 Aug 2025 17:50:11 +0000; x86_64)
nl80211: Maximum supported attribute ID: 332
nl80211: Initialize interface wlan2 (driver: mac80211_hwsim)
nl80211: TDLS supported
nl80211: TDLS external setup
nl80211: Supported cipher 00-0f-ac:1
nl80211: Supported cipher 00-0f-ac:5
nl80211: Supported cipher 00-0f-ac:2
nl80211: Supported cipher 00-0f-ac:4
nl80211: Supported cipher 00-0f-ac:10
nl80211: Supported cipher 00-0f-ac:8
nl80211: Supported cipher 00-0f-ac:9
nl80211: Supported cipher 00-0f-ac:6
nl80211: Supported cipher 00-0f-ac:13
nl80211: Supported cipher 00-0f-ac:11
nl80211: Supported cipher 00-0f-ac:12
nl80211: Using driver-based off-channel TX
nl80211: Driver-advertised extended capabilities (default) - hexdump(len=8): 04 00 40 00 00 00 00 40
nl80211: Driver-advertised extended capabilities mask (default) - hexdump(len=8): 04 00 40 00 00 00 00 40
nl80211: Supported vendor command: vendor_id=0x1374 subcmd=1
nl80211: Supported vendor event: vendor_id=0x1374 subcmd=1
mbssid: max interfaces 8, max profile periodicity 3
nl80211: Use separate P2P group interface (driver advertised support)
nl80211: use P2P_DEVICE support
nl80211: key_mgmt=0x105ff0f enc=0xfef auth=0x7 flags=0xe5000d31fb5bfbe0 flags2=0x8103 rrm_flags=0x10 probe_resp_offloads=0x0 max_stations=0 max_remain_on_chan=5000 max_scan_ssids=4
nl80211: interface wlan2 in phy phy2
nl80211: Set mode ifindex 5 iftype 2 (STATION)
nl80211: Subscribe to mgmt frames with non-AP handle 0x60650e1baa90
nl80211: Register frame type=0xd0 (WLAN_FC_STYPE_ACTION) nl_handle=0x60650e1baa90 match=0104 multicast=0
nl80211: Register frame type=0xd0 (WLAN_FC_STYPE_ACTION) nl_handle=0x60650e1baa90 match=040a multicast=0
nl80211: Register frame type=0xd0 (WLAN_FC_STYPE_ACTION) nl_handle=0x60650e1baa90 match=040b multicast=0
nl80211: Register frame type=0xd0 (WLAN_FC_STYPE_ACTION) nl_handle=0x60650e1baa90 match=040c multicast=0
nl80211: Register frame type=0xd0 (WLAN_FC_STYPE_ACTION) nl_handle=0x60650e1baa90 match=040d multicast=0
nl80211: Register frame type=0xd0 (WLAN_FC_STYPE_ACTION) nl_handle=0x60650e1baa90 match=090a multicast=0
nl80211: Register frame type=0xd0 (WLAN_FC_STYPE_ACTION) nl_handle=0x60650e1baa90 match=090b multicast=0
nl80211: Register frame type=0xd0 (WLAN_FC_STYPE_ACTION) nl_handle=0x60650e1baa90 match=090c multicast=0
nl80211: Register frame type=0xd0 (WLAN_FC_STYPE_ACTION) nl_handle=0x60650e1baa90 match=090d multicast=0
nl80211: Register frame type=0xd0 (WLAN_FC_STYPE_ACTION) nl_handle=0x60650e1baa90 match=0409506f9a09 multicast=0
nl80211: Register frame type=0xd0 (WLAN_FC_STYPE_ACTION) nl_handle=0x60650e1baa90 match=7f506f9a09 multicast=0
nl80211: Register frame type=0xd0 (WLAN_FC_STYPE_ACTION) nl_handle=0x60650e1baa90 match=0409506f9a1a multicast=0
nl80211: Register frame type=0xd0 (WLAN_FC_STYPE_ACTION) nl_handle=0x60650e1baa90 match=0801 multicast=0
nl80211: Register frame type=0xd0 (WLAN_FC_STYPE_ACTION) nl_handle=0x60650e1baa90 match=040e multicast=0
nl80211: Register frame type=0xd0 (WLAN_FC_STYPE_ACTION) nl_handle=0x60650e1baa90 match=06 multicast=0
nl80211: Register frame type=0xd0 (WLAN_FC_STYPE_ACTION) nl_handle=0x60650e1baa90 match=0a07 multicast=0
nl80211: Register frame type=0xd0 (WLAN_FC_STYPE_ACTION) nl_handle=0x60650e1baa90 match=0a11 multicast=0
nl80211: Register frame type=0xd0 (WLAN_FC_STYPE_ACTION) nl_handle=0x60650e1baa90 match=0a0b multicast=0
nl80211: Register frame type=0xd0 (WLAN_FC_STYPE_ACTION) nl_handle=0x60650e1baa90 match=0a1a multicast=0
nl80211: Register frame type=0xd0 (WLAN_FC_STYPE_ACTION) nl_handle=0x60650e1baa90 match=1101 multicast=0
nl80211: Register frame type=0xd0 (WLAN_FC_STYPE_ACTION) nl_handle=0x60650e1baa90 match=1102 multicast=0
nl80211: Register frame type=0xd0 (WLAN_FC_STYPE_ACTION) nl_handle=0x60650e1baa90 match=0505 multicast=0
nl80211: Register frame type=0xd0 (WLAN_FC_STYPE_ACTION) nl_handle=0x60650e1baa90 match=0500 multicast=0
nl80211: Register frame type=0xd0 (WLAN_FC_STYPE_ACTION) nl_handle=0x60650e1baa90 match=1301 multicast=0
nl80211: Register frame type=0xd0 (WLAN_FC_STYPE_ACTION) nl_handle=0x60650e1baa90 match=1305 multicast=0
nl80211: Register frame type=0xd0 (WLAN_FC_STYPE_ACTION) nl_handle=0x60650e1baa90 match=7e506f9a1a multicast=0
rfkill: initial event: idx=3 type=1 op=0 soft=0 hard=0
netlink: Operstate: ifindex=5 linkmode=1 (userspace-control), operstate=5 (IF_OPER_DORMANT)
Add interface wlan2 to a new radio phy2
nl80211: No channel number found for frequency 5900 MHz
nl80211: No channel number found for frequency 5905 MHz
nl80211: No channel number found for frequency 5910 MHz
nl80211: No channel number found for frequency 5915 MHz
nl80211: No channel number found for frequency 5920 MHz
nl80211: No channel number found for frequency 5925 MHz
nl80211: No channel number found for frequency 902 MHz
nl80211: No channel number found for frequency 903 MHz
nl80211: No channel number found for frequency 903 MHz
nl80211: No channel number found for frequency 904 MHz
nl80211: No channel number found for frequency 904 MHz
nl80211: No channel number found for frequency 905 MHz
nl80211: No channel number found for frequency 905 MHz
nl80211: No channel number found for frequency 906 MHz
nl80211: No channel number found for frequency 906 MHz
nl80211: No channel number found for frequency 907 MHz
nl80211: No channel number found for frequency 907 MHz
nl80211: No channel number found for frequency 908 MHz
nl80211: No channel number found for frequency 908 MHz
nl80211: No channel number found for frequency 909 MHz
nl80211: No channel number found for frequency 909 MHz
nl80211: No channel number found for frequency 910 MHz
nl80211: No channel number found for frequency 910 MHz
nl80211: No channel number found for frequency 911 MHz
nl80211: No channel number found for frequency 911 MHz
nl80211: No channel number found for frequency 912 MHz
nl80211: No channel number found for frequency 912 MHz
nl80211: No channel number found for frequency 913 MHz
nl80211: No channel number found for frequency 913 MHz
nl80211: No channel number found for frequency 914 MHz
nl80211: No channel number found for frequency 914 MHz
nl80211: No channel number found for frequency 915 MHz
nl80211: No channel number found for frequency 915 MHz
nl80211: No channel number found for frequency 916 MHz
nl80211: No channel number found for frequency 916 MHz
nl80211: No channel number found for frequency 917 MHz
nl80211: No channel number found for frequency 917 MHz
nl80211: No channel number found for frequency 918 MHz
nl80211: No channel number found for frequency 918 MHz
nl80211: No channel number found for frequency 919 MHz
nl80211: No channel number found for frequency 919 MHz
nl80211: No channel number found for frequency 920 MHz
nl80211: No channel number found for frequency 920 MHz
nl80211: No channel number found for frequency 921 MHz
nl80211: No channel number found for frequency 921 MHz
nl80211: No channel number found for frequency 922 MHz
nl80211: No channel number found for frequency 922 MHz
nl80211: No channel number found for frequency 923 MHz
nl80211: No channel number found for frequency 923 MHz
nl80211: No channel number found for frequency 924 MHz
nl80211: No channel number found for frequency 924 MHz
nl80211: No channel number found for frequency 925 MHz
nl80211: No channel number found for frequency 925 MHz
nl80211: No channel number found for frequency 926 MHz
nl80211: No channel number found for frequency 926 MHz
nl80211: No channel number found for frequency 927 MHz
nl80211: No channel number found for frequency 927 MHz
nl80211: Regulatory information - country=US (DFS-FCC)
nl80211: 902-904 @ 2 MHz 30 mBm
nl80211: 904-920 @ 16 MHz 30 mBm
nl80211: 920-928 @ 8 MHz 30 mBm
nl80211: 2400-2472 @ 40 MHz 30 mBm
nl80211: 5150-5250 @ 80 MHz 23 mBm
nl80211: 5250-5350 @ 80 MHz 24 mBm (DFS)
nl80211: 5470-5730 @ 160 MHz 24 mBm (DFS)
nl80211: 5730-5850 @ 80 MHz 30 mBm
nl80211: 5850-5895 @ 40 MHz 27 mBm (no outdoor) (no IR)
nl80211: 5925-7125 @ 320 MHz 12 mBm (no outdoor) (no IR)
nl80211: 57240-71000 @ 2160 MHz 40 mBm
nl80211: Remove unsupported mode
nl80211: Added 802.11b mode based on 802.11g information
nl80211: Mode IEEE 802.11g: 2412 2417 2422 2427 2432 2437 2442 2447 2452 2457 2462 2467[DISABLED][NO_IR] 2472[DISABLED][NO_IR] 2484[DISABLED][NO_IR]
nl80211: Mode IEEE 802.11a: 5180 5200 5220 5240 5260[RADAR] 5280[RADAR] 5300[RADAR] 5320[RADAR] 5500[RADAR] 5520[RADAR] 5540[RADAR] 5560[RADAR] 5580[RADAR] 5600[RADAR] 5620[RADAR] 5640[RADAR] 5660[RADAR] 5680[RADAR] 5700[RADAR] 5745 5765 5785 5805 5825 5845[NO_IR] 5855[NO_IR] 5860[NO_IR] 5865[NO_IR] 5870[NO_IR] 5875[NO_IR] 5880[NO_IR] 5885[NO_IR] 5890[DISABLED] 5895[DISABLED] 5900[DISABLED] 5905[DISABLED] 5910[DISABLED] 5915[DISABLED] 5920[DISABLED] 5925[DISABLED]
nl80211: Mode IEEE 802.11a: 5955[NO_IR] 5975[NO_IR] 5995[NO_IR] 6015[NO_IR] 6035[NO_IR] 6055[NO_IR] 6075[NO_IR] 6095[NO_IR] 6115[NO_IR] 6135[NO_IR] 6155[NO_IR] 6175[NO_IR] 6195[NO_IR] 6215[NO_IR] 6235[NO_IR] 6255[NO_IR] 6275[NO_IR] 6295[NO_IR] 6315[NO_IR] 6335[NO_IR] 6355[NO_IR] 6375[NO_IR] 6395[NO_IR] 6415[NO_IR] 6435[NO_IR] 6455[NO_IR] 6475[NO_IR] 6495[NO_IR] 6515[NO_IR] 6535[NO_IR] 6555[NO_IR] 6575[NO_IR] 6595[NO_IR] 6615[NO_IR] 6635[NO_IR] 6655[NO_IR] 6675[NO_IR] 6695[NO_IR] 6715[NO_IR] 6735[NO_IR] 6755[NO_IR] 6775[NO_IR] 6795[NO_IR] 6815[NO_IR] 6835[NO_IR] 6855[NO_IR] 6875[NO_IR] 6895[NO_IR] 6915[NO_IR] 6935[NO_IR] 6955[NO_IR] 6975[NO_IR] 6995[NO_IR] 7015[NO_IR] 7035[NO_IR] 7055[NO_IR] 7075[NO_IR] 7095[NO_IR] 7115[NO_IR]
nl80211: Mode IEEE 802.11b: 2412 2417 2422 2427 2432 2437 2442 2447 2452 2457 2462 2467[DISABLED][NO_IR] 2472[DISABLED][NO_IR] 2484[DISABLED][NO_IR]
wlan2: Own MAC address: 02:00:00:00:01:00
wpa_driver_nl80211_set_key: ifindex=5 (wlan2) alg=0 addr=(nil) key_idx=0 set_tx=0 seq_len=0 key_len=0 key_flag=0x10 link_id=-1
nl80211: DEL_KEY
   broadcast key
wpa_driver_nl80211_set_key: ifindex=5 (wlan2) alg=0 addr=(nil) key_idx=1 set_tx=0 seq_len=0 key_len=0 key_flag=0x10 link_id=-1
nl80211: DEL_KEY
   broadcast key
wpa_driver_nl80211_set_key: ifindex=5 (wlan2) alg=0 addr=(nil) key_idx=2 set_tx=0 seq_len=0 key_len=0 key_flag=0x10 link_id=-1
nl80211: DEL_KEY
   broadcast key
wpa_driver_nl80211_set_key: ifindex=5 (wlan2) alg=0 addr=(nil) key_idx=3 set_tx=0 seq_len=0 key_len=0 key_flag=0x10 link_id=-1
nl80211: DEL_KEY
   broadcast key
wpa_driver_nl80211_set_key: ifindex=5 (wlan2) alg=0 addr=(nil) key_idx=4 set_tx=0 seq_len=0 key_len=0 key_flag=0x10 link_id=-1
nl80211: DEL_KEY
   broadcast key
wpa_driver_nl80211_set_key: ifindex=5 (wlan2) alg=0 addr=(nil) key_idx=5 set_tx=0 seq_len=0 key_len=0 key_flag=0x10 link_id=-1
nl80211: DEL_KEY
   broadcast key
wlan2: RSN: flushing PMKID list in the driver
nl80211: Flush PMKIDs
wlan2: Setting scan request: 0.100000 sec
TDLS: TDLS operation supported by driver
TDLS: Driver uses external link setup
TDLS: Driver does not support TDLS channel switching
wlan2: WPS: UUID based on MAC address: 572cf82f-c957-5653-9b16-b5cfb298abf1
ENGINE: Loading builtin engines
ENGINE: Loading builtin engines
EAPOL: SUPP_PAE entering state DISCONNECTED
EAPOL: Supplicant port status: Unauthorized
nl80211: Skip set_supp_port(unauthorized) while not associated
EAPOL: KEY_RX entering state NO_KEY_RECEIVE
EAPOL: SUPP_BE entering state INITIALIZE
EAP: EAP entering state DISABLED
wlan2: Added interface wlan2
wlan2: State: DISCONNECTED -> DISCONNECTED
nl80211: Set wlan2 operstate 0->0 (DORMANT)
netlink: Operstate: ifindex=5 linkmode=-1 (no change), operstate=5 (IF_OPER_DORMANT)
nl80211: Create interface iftype 10 (P2P_DEVICE)
nl80211: New P2P Device interface p2p-dev-wlan2 (0x200000004) created
Initializing interface 'p2p-dev-wlan2' conf '/home/mathy/research/wifi/wpa3multipass/decoyauth/hostap/wpa_supplicant/decoyauth-client.conf' driver 'nl80211' ctrl_interface 'N/A' bridge 'N/A'
Configuration file '/home/mathy/research/wifi/wpa3multipass/decoyauth/hostap/wpa_supplicant/decoyauth-client.conf' -> '/home/mathy/research/wifi/wpa3multipass/decoyauth/hostap/wpa_supplicant/decoyauth-client.conf'
Reading configuration file '/home/mathy/research/wifi/wpa3multipass/decoyauth/hostap/wpa_supplicant/decoyauth-client.conf'
Line: 1 - start of a new network block
ssid - hexdump_ascii(len=11):
     74 65 73 74 6e 65 74 77 6f 72 6b                  testnetwork     
PSK (ASCII passphrase) - hexdump_ascii(len=10):
     50 41 53 53 57 4f 52 44 5f 31                     PASSWORD_1      
key_mgmt: 0x400
ieee80211w=2 (0x2)
proto: 0x2
pairwise: 0x10
group: 0x10
PSK (from passphrase) - hexdump(len=32): cd 5f f2 7d 9c d8 50 0f 25 25 53 17 83 83 40 87 f7 95 0b 72 f3 a1 04 70 8b ad e5 eb 7a a4 8e 3e
Priority group 0
   id=1 ssid='testnetwork'
nl80211: TDLS supported
nl80211: TDLS external setup
nl80211: Supported cipher 00-0f-ac:1
nl80211: Supported cipher 00-0f-ac:5
nl80211: Supported cipher 00-0f-ac:2
nl80211: Supported cipher 00-0f-ac:4
nl80211: Supported cipher 00-0f-ac:10
nl80211: Supported cipher 00-0f-ac:8
nl80211: Supported cipher 00-0f-ac:9
nl80211: Supported cipher 00-0f-ac:6
nl80211: Supported cipher 00-0f-ac:13
nl80211: Supported cipher 00-0f-ac:11
nl80211: Supported cipher 00-0f-ac:12
nl80211: Using driver-based off-channel TX
nl80211: Driver-advertised extended capabilities (default) - hexdump(len=8): 04 00 40 00 00 00 00 40
nl80211: Driver-advertised extended capabilities mask (default) - hexdump(len=8): 04 00 40 00 00 00 00 40
nl80211: Supported vendor command: vendor_id=0x1374 subcmd=1
nl80211: Supported vendor event: vendor_id=0x1374 subcmd=1
mbssid: max interfaces 8, max profile periodicity 3
nl80211: Use separate P2P group interface (driver advertised support)
nl80211: use P2P_DEVICE support
nl80211: key_mgmt=0x105ff0f enc=0xfef auth=0x7 flags=0xe5000d31fb5bfbe0 flags2=0x8103 rrm_flags=0x10 probe_resp_offloads=0x0 max_stations=0 max_remain_on_chan=5000 max_scan_ssids=4
nl80211: interface p2p-dev-wlan2 in phy phy2
nl80211: Set mode ifindex 0 iftype 10 (P2P_DEVICE)
nl80211: Failed to set interface 0 to mode 10: -22 (Invalid argument)
nl80211: Subscribe to mgmt frames with non-AP handle 0x60650e22df10
nl80211: Register frame type=0xd0 (WLAN_FC_STYPE_ACTION) nl_handle=0x60650e22df10 match=0104 multicast=0
nl80211: Register frame type=0xd0 (WLAN_FC_STYPE_ACTION) nl_handle=0x60650e22df10 match=040a multicast=0
nl80211: Register frame type=0xd0 (WLAN_FC_STYPE_ACTION) nl_handle=0x60650e22df10 match=040b multicast=0
nl80211: Register frame type=0xd0 (WLAN_FC_STYPE_ACTION) nl_handle=0x60650e22df10 match=040c multicast=0
nl80211: Register frame type=0xd0 (WLAN_FC_STYPE_ACTION) nl_handle=0x60650e22df10 match=040d multicast=0
nl80211: Register frame type=0xd0 (WLAN_FC_STYPE_ACTION) nl_handle=0x60650e22df10 match=090a multicast=0
nl80211: Register frame type=0xd0 (WLAN_FC_STYPE_ACTION) nl_handle=0x60650e22df10 match=090b multicast=0
nl80211: Register frame type=0xd0 (WLAN_FC_STYPE_ACTION) nl_handle=0x60650e22df10 match=090c multicast=0
nl80211: Register frame type=0xd0 (WLAN_FC_STYPE_ACTION) nl_handle=0x60650e22df10 match=090d multicast=0
nl80211: Register frame type=0xd0 (WLAN_FC_STYPE_ACTION) nl_handle=0x60650e22df10 match=0409506f9a09 multicast=0
nl80211: Register frame type=0xd0 (WLAN_FC_STYPE_ACTION) nl_handle=0x60650e22df10 match=7f506f9a09 multicast=0
nl80211: Register frame type=0xd0 (WLAN_FC_STYPE_ACTION) nl_handle=0x60650e22df10 match=0409506f9a1a multicast=0
nl80211: Register frame type=0xd0 (WLAN_FC_STYPE_ACTION) nl_handle=0x60650e22df10 match=0801 multicast=0
nl80211: Register frame type=0xd0 (WLAN_FC_STYPE_ACTION) nl_handle=0x60650e22df10 match=040e multicast=0
nl80211: Register frame type=0xd0 (WLAN_FC_STYPE_ACTION) nl_handle=0x60650e22df10 match=06 multicast=0
nl80211: Register frame type=0xd0 (WLAN_FC_STYPE_ACTION) nl_handle=0x60650e22df10 match=0a07 multicast=0
nl80211: Register frame type=0xd0 (WLAN_FC_STYPE_ACTION) nl_handle=0x60650e22df10 match=0a11 multicast=0
nl80211: Register frame type=0xd0 (WLAN_FC_STYPE_ACTION) nl_handle=0x60650e22df10 match=0a0b multicast=0
nl80211: Register frame type=0xd0 (WLAN_FC_STYPE_ACTION) nl_handle=0x60650e22df10 match=0a1a multicast=0
nl80211: Register frame type=0xd0 (WLAN_FC_STYPE_ACTION) nl_handle=0x60650e22df10 match=1101 multicast=0
nl80211: Register frame type=0xd0 (WLAN_FC_STYPE_ACTION) nl_handle=0x60650e22df10 match=1102 multicast=0
nl80211: Register frame type=0xd0 (WLAN_FC_STYPE_ACTION) nl_handle=0x60650e22df10 match=0505 multicast=0
nl80211: Register frame type=0xd0 (WLAN_FC_STYPE_ACTION) nl_handle=0x60650e22df10 match=0500 multicast=0
nl80211: Register frame type=0xd0 (WLAN_FC_STYPE_ACTION) nl_handle=0x60650e22df10 match=1301 multicast=0
nl80211: Register frame type=0xd0 (WLAN_FC_STYPE_ACTION) nl_handle=0x60650e22df10 match=1305 multicast=0
nl80211: Register frame type=0xd0 (WLAN_FC_STYPE_ACTION) nl_handle=0x60650e22df10 match=7e506f9a1a multicast=0
nl80211: Use (wlan2) to initialize P2P Device rfkill
rfkill: initial event: idx=3 type=1 op=0 soft=0 hard=0
nl80211: Start P2P Device p2p-dev-wlan2 (0x200000004): Success
Add interface p2p-dev-wlan2 to existing radio phy2
nl80211: No channel number found for frequency 5900 MHz
nl80211: No channel number found for frequency 5905 MHz
nl80211: No channel number found for frequency 5910 MHz
nl80211: No channel number found for frequency 5915 MHz
nl80211: No channel number found for frequency 5920 MHz
nl80211: No channel number found for frequency 5925 MHz
nl80211: No channel number found for frequency 902 MHz
nl80211: No channel number found for frequency 903 MHz
nl80211: No channel number found for frequency 903 MHz
nl80211: No channel number found for frequency 904 MHz
nl80211: No channel number found for frequency 904 MHz
nl80211: No channel number found for frequency 905 MHz
nl80211: No channel number found for frequency 905 MHz
nl80211: No channel number found for frequency 906 MHz
nl80211: No channel number found for frequency 906 MHz
nl80211: No channel number found for frequency 907 MHz
nl80211: No channel number found for frequency 907 MHz
nl80211: No channel number found for frequency 908 MHz
nl80211: No channel number found for frequency 908 MHz
nl80211: No channel number found for frequency 909 MHz
nl80211: No channel number found for frequency 909 MHz
nl80211: No channel number found for frequency 910 MHz
nl80211: No channel number found for frequency 910 MHz
nl80211: No channel number found for frequency 911 MHz
nl80211: No channel number found for frequency 911 MHz
nl80211: No channel number found for frequency 912 MHz
nl80211: No channel number found for frequency 912 MHz
nl80211: No channel number found for frequency 913 MHz
nl80211: No channel number found for frequency 913 MHz
nl80211: No channel number found for frequency 914 MHz
nl80211: No channel number found for frequency 914 MHz
nl80211: No channel number found for frequency 915 MHz
nl80211: No channel number found for frequency 915 MHz
nl80211: No channel number found for frequency 916 MHz
nl80211: No channel number found for frequency 916 MHz
nl80211: No channel number found for frequency 917 MHz
nl80211: No channel number found for frequency 917 MHz
nl80211: No channel number found for frequency 918 MHz
nl80211: No channel number found for frequency 918 MHz
nl80211: No channel number found for frequency 919 MHz
nl80211: No channel number found for frequency 919 MHz
nl80211: No channel number found for frequency 920 MHz
nl80211: No channel number found for frequency 920 MHz
nl80211: No channel number found for frequency 921 MHz
nl80211: No channel number found for frequency 921 MHz
nl80211: No channel number found for frequency 922 MHz
nl80211: No channel number found for frequency 922 MHz
nl80211: No channel number found for frequency 923 MHz
nl80211: No channel number found for frequency 923 MHz
nl80211: No channel number found for frequency 924 MHz
nl80211: No channel number found for frequency 924 MHz
nl80211: No channel number found for frequency 925 MHz
nl80211: No channel number found for frequency 925 MHz
nl80211: No channel number found for frequency 926 MHz
nl80211: No channel number found for frequency 926 MHz
nl80211: No channel number found for frequency 927 MHz
nl80211: No channel number found for frequency 927 MHz
nl80211: Regulatory information - country=US (DFS-FCC)
nl80211: 902-904 @ 2 MHz 30 mBm
nl80211: 904-920 @ 16 MHz 30 mBm
nl80211: 920-928 @ 8 MHz 30 mBm
nl80211: 2400-2472 @ 40 MHz 30 mBm
nl80211: 5150-5250 @ 80 MHz 23 mBm
nl80211: 5250-5350 @ 80 MHz 24 mBm (DFS)
nl80211: 5470-5730 @ 160 MHz 24 mBm (DFS)
nl80211: 5730-5850 @ 80 MHz 30 mBm
nl80211: 5850-5895 @ 40 MHz 27 mBm (no outdoor) (no IR)
nl80211: 5925-7125 @ 320 MHz 12 mBm (no outdoor) (no IR)
nl80211: 57240-71000 @ 2160 MHz 40 mBm
nl80211: Remove unsupported mode
nl80211: Added 802.11b mode based on 802.11g information
nl80211: Mode IEEE 802.11g: 2412 2417 2422 2427 2432 2437 2442 2447 2452 2457 2462 2467[DISABLED][NO_IR] 2472[DISABLED][NO_IR] 2484[DISABLED][NO_IR]
nl80211: Mode IEEE 802.11a: 5180 5200 5220 5240 5260[RADAR] 5280[RADAR] 5300[RADAR] 5320[RADAR] 5500[RADAR] 5520[RADAR] 5540[RADAR] 5560[RADAR] 5580[RADAR] 5600[RADAR] 5620[RADAR] 5640[RADAR] 5660[RADAR] 5680[RADAR] 5700[RADAR] 5745 5765 5785 5805 5825 5845[NO_IR] 5855[NO_IR] 5860[NO_IR] 5865[NO_IR] 5870[NO_IR] 5875[NO_IR] 5880[NO_IR] 5885[NO_IR] 5890[DISABLED] 5895[DISABLED] 5900[DISABLED] 5905[DISABLED] 5910[DISABLED] 5915[DISABLED] 5920[DISABLED] 5925[DISABLED]
nl80211: Mode IEEE 802.11a: 5955[NO_IR] 5975[NO_IR] 5995[NO_IR] 6015[NO_IR] 6035[NO_IR] 6055[NO_IR] 6075[NO_IR] 6095[NO_IR] 6115[NO_IR] 6135[NO_IR] 6155[NO_IR] 6175[NO_IR] 6195[NO_IR] 6215[NO_IR] 6235[NO_IR] 6255[NO_IR] 6275[NO_IR] 6295[NO_IR] 6315[NO_IR] 6335[NO_IR] 6355[NO_IR] 6375[NO_IR] 6395[NO_IR] 6415[NO_IR] 6435[NO_IR] 6455[NO_IR] 6475[NO_IR] 6495[NO_IR] 6515[NO_IR] 6535[NO_IR] 6555[NO_IR] 6575[NO_IR] 6595[NO_IR] 6615[NO_IR] 6635[NO_IR] 6655[NO_IR] 6675[NO_IR] 6695[NO_IR] 6715[NO_IR] 6735[NO_IR] 6755[NO_IR] 6775[NO_IR] 6795[NO_IR] 6815[NO_IR] 6835[NO_IR] 6855[NO_IR] 6875[NO_IR] 6895[NO_IR] 6915[NO_IR] 6935[NO_IR] 6955[NO_IR] 6975[NO_IR] 6995[NO_IR] 7015[NO_IR] 7035[NO_IR] 7055[NO_IR] 7075[NO_IR] 7095[NO_IR] 7115[NO_IR]
nl80211: Mode IEEE 802.11b: 2412 2417 2422 2427 2432 2437 2442 2447 2452 2457 2462 2467[DISABLED][NO_IR] 2472[DISABLED][NO_IR] 2484[DISABLED][NO_IR]
p2p-dev-wlan2: Own MAC address: 42:00:00:00:01:00
p2p-dev-wlan2: RSN: flushing PMKID list in the driver
nl80211: Flush PMKIDs
p2p-dev-wlan2: State: DISCONNECTED -> INACTIVE
p2p-dev-wlan2: WPS: UUID from the first interface: 572cf82f-c957-5653-9b16-b5cfb298abf1
ENGINE: Loading builtin engines
ENGINE: Loading builtin engines
EAPOL: SUPP_PAE entering state DISCONNECTED
EAPOL: Supplicant port status: Unauthorized
nl80211: Skip set_supp_port(unauthorized) while not associated
EAPOL: KEY_RX entering state NO_KEY_RECEIVE
EAPOL: SUPP_BE entering state INITIALIZE
EAP: EAP entering state DISABLED
P2P: Add operating class 81
P2P: Channels - hexdump(len=11): 01 02 03 04 05 06 07 08 09 0a 0b
P2P: Add operating class 115
P2P: Channels - hexdump(len=4): 24 28 2c 30
P2P: Add operating class 116
P2P: Channels - hexdump(len=2): 24 2c
P2P: Add operating class 117
P2P: Channels - hexdump(len=2): 28 30
P2P: Add operating class 124
P2P: Channels - hexdump(len=4): 95 99 9d a1
P2P: Add operating class 125
P2P: Channels - hexdump(len=5): 95 99 9d a1 a5
P2P: Add operating class 126
P2P: Channels - hexdump(len=2): 95 9d
P2P: Add operating class 127
P2P: Channels - hexdump(len=2): 99 a1
P2P: Add operating class 128
P2P: Channels - hexdump(len=8): 24 28 2c 30 95 99 9d a1
P2P: Add operating class 130
P2P: Channels - hexdump(len=9): 24 28 2c 30 95 99 9d a1 a5
P2P: Own listen channel: 81:11
P2P: Random operating channel: 81:11
P2P: initialized
P2P: channels: 81:1,2,3,4,5,6,7,8,9,10,11 115:36,40,44,48 116:36,44 117:40,48 124:149,153,157,161 125:149,153,157,161,165 126:149,157 127:153,161 128:36,40,44,48,149,153,157,161 130:36,40,44,48,149,153,157,161,165
P2P: cli_channels:
p2p-dev-wlan2: Added interface p2p-dev-wlan2
p2p-dev-wlan2: State: INACTIVE -> DISCONNECTED
nl80211: Set p2p-dev-wlan2 operstate 0->0 (DORMANT)
netlink: Operstate: ifindex=0 linkmode=-1 (no change), operstate=5 (IF_OPER_DORMANT)
p2p-dev-wlan2: Determining shared radio frequencies (max len 1)
p2p-dev-wlan2: Shared frequencies (len=0): completed iteration
P2P: Add operating class 81
P2P: Channels - hexdump(len=11): 01 02 03 04 05 06 07 08 09 0a 0b
P2P: Add operating class 115
P2P: Channels - hexdump(len=4): 24 28 2c 30
P2P: Add operating class 116
P2P: Channels - hexdump(len=2): 24 2c
P2P: Add operating class 117
P2P: Channels - hexdump(len=2): 28 30
P2P: Add operating class 124
P2P: Channels - hexdump(len=4): 95 99 9d a1
P2P: Add operating class 125
P2P: Channels - hexdump(len=5): 95 99 9d a1 a5
P2P: Add operating class 126
P2P: Channels - hexdump(len=2): 95 9d
P2P: Add operating class 127
P2P: Channels - hexdump(len=2): 99 a1
P2P: Add operating class 128
P2P: Channels - hexdump(len=8): 24 28 2c 30 95 99 9d a1
P2P: Add operating class 130
P2P: Channels - hexdump(len=9): 24 28 2c 30 95 99 9d a1 a5
P2P: Update channel list
P2P: channels: 81:1,2,3,4,5,6,7,8,9,10,11 115:36,40,44,48 116:36,44 117:40,48 124:149,153,157,161 125:149,153,157,161,165 126:149,157 127:153,161 128:36,40,44,48,149,153,157,161 130:36,40,44,48,149,153,157,161,165
P2P: cli_channels:
random: Got 20/20 bytes from /dev/random
RTM_NEWLINK: ifi_index=5 ifname=wlan2 operstate=2 linkmode=0 ifi_family=0 ifi_flags=0x1003 ([UP])
RTM_NEWLINK: ifi_index=5 ifname=wlan2 operstate=2 linkmode=1 ifi_family=0 ifi_flags=0x1003 ([UP])
wlan2: State: DISCONNECTED -> SCANNING
wlan2: Determining shared radio frequencies (max len 1)
wlan2: Shared frequencies (len=0): completed iteration
P2P: Add operating class 81
P2P: Channels - hexdump(len=11): 01 02 03 04 05 06 07 08 09 0a 0b
P2P: Add operating class 115
P2P: Channels - hexdump(len=4): 24 28 2c 30
P2P: Add operating class 116
P2P: Channels - hexdump(len=2): 24 2c
P2P: Add operating class 117
P2P: Channels - hexdump(len=2): 28 30
P2P: Add operating class 124
P2P: Channels - hexdump(len=4): 95 99 9d a1
P2P: Add operating class 125
P2P: Channels - hexdump(len=5): 95 99 9d a1 a5
P2P: Add operating class 126
P2P: Channels - hexdump(len=2): 95 9d
P2P: Add operating class 127
P2P: Channels - hexdump(len=2): 99 a1
P2P: Add operating class 128
P2P: Channels - hexdump(len=8): 24 28 2c 30 95 99 9d a1
P2P: Add operating class 130
P2P: Channels - hexdump(len=9): 24 28 2c 30 95 99 9d a1 a5
P2P: Update channel list
P2P: channels: 81:1,2,3,4,5,6,7,8,9,10,11 115:36,40,44,48 116:36,44 117:40,48 124:149,153,157,161 125:149,153,157,161,165 126:149,157 127:153,161 128:36,40,44,48,149,153,157,161 130:36,40,44,48,149,153,157,161,165
P2P: cli_channels:
wlan2: Starting AP scan for wildcard SSID
WPS: Building WPS IE for Probe Request
WPS:  * Version (hardcoded 0x10)
WPS:  * Request Type
WPS:  * Config Methods (3108)
WPS:  * UUID-E
WPS:  * Primary Device Type
WPS:  * RF Bands (3)
WPS:  * Association State
WPS:  * Configuration Error (0)
WPS:  * Device Password ID (0)
WPS:  * Manufacturer
WPS:  * Model Name
WPS:  * Model Number
WPS:  * Device Name
WPS:  * Version2 (0x20)
P2P: * P2P IE header
P2P: * Capability dev=25 group=00
P2P: * Listen Channel: Regulatory Class 81 Channel 11
wlan2: Add radio work 'scan'@0x60650e1acac0
wlan2: First radio work item in the queue - schedule start immediately
wlan2: Starting radio work 'scan'@0x60650e1acac0 after 0.000011 second wait
wlan2: nl80211: scan request
nl80211: Scan SSID 
nl80211: Scan co-located APs on 6 GHz
nl80211: Scan extra IEs - hexdump(len=139): 7f 0b 04 00 4a 02 01 00 40 40 00 00 20 dd 69 00 50 f2 04 10 4a 00 01 10 10 3a 00 01 00 10 08 00 02 31 08 10 47 00 10 57 2c f8 2f c9 57 56 53 9b 16 b5 cf b2 98 ab f1 10 54 00 08 00 00 00 00 00 00 00 00 10 3c 00 01 03 10 02 00 02 00 00 10 09 00 02 00 00 10 12 00 02 00 00 10 21 00 01 20 10 23 00 01 20 10 24 00 01 20 10 11 00 01 20 10 49 00 06 00 37 2a 00 01 20 dd 11 50 6f 9a 09 02 02 00 25 00 06 05 00 58 58 04 51 0b
Scan requested (ret=0) - scan timeout 20 seconds
nl80211: Event message available
nl80211: Drv Event 33 (NL80211_CMD_TRIGGER_SCAN) received for wlan2
wlan2: nl80211: Scan trigger
wlan2: Event SCAN_STARTED (47) received
wlan2: Own scan request started a scan in 0.000043 seconds
EAPOL: disable timer tick
EAPOL: disable timer tick
RTM_NEWLINK: ifi_index=8 ifname=hwsim0 operstate=0 linkmode=0 ifi_family=0 ifi_flags=0x11043 ([UP][RUNNING][LOWER_UP])
RTM_NEWLINK: ifi_index=5 ifname=wlan2 wext ifi_family=0 ifi_flags=0x1003 ([UP])
nl80211: Event message available
nl80211: Drv Event 34 (NL80211_CMD_NEW_SCAN_RESULTS) received for wlan2
wlan2: nl80211: New scan results available
nl80211: Scan probed for SSID ''
nl80211: Scan included frequencies: 2412 2417 2422 2427 2432 2437 2442 2447 2452 2457 2462 5180 5200 5220 5240 5260 5280 5300 5320 5500 5520 5540 5560 5580 5600 5620 5640 5660 5680 5700 5745 5765 5785 5805 5825 5845 5855 5860 5865 5870 5875 5880 5885 5955 5975 5995 6015 6035 6055 6075 6095 6115 6135 6155 6175 6195 6215 6235 6255 6275 6295 6315 6335 6355 6375 6395 6415 6435 6455 6475 6495 6515 6535 6555 6575 6595 6615 6635 6655 6675 6695 6715 6735 6755 6775 6795 6815 6835 6855 6875 6895 6915 6935 6955 6975 6995 7015 7035 7055 7075 7095 7115 902 903 903 904 905 905 906 906
wlan2: Event SCAN_RESULTS (3) received
wlan2: Scan completed in 13.989130 seconds
nl80211: Received scan results (1 BSSes)
wlan2: BSS: Start scan result update 1
wlan2: BSS: Add new id 0 BSSID 02:00:00:00:00:00 SSID 'testnetwork' freq 2412
BSS: last_scan_res_used=1/32
wlan2: New scan results available (own=1 ext=0)
wlan2: Radio work 'scan'@0x60650e1acac0 done in 13.989657 seconds
wlan2: radio_work_free('scan'@0x60650e1acac0): num_active_works --> 0
wlan2: Selecting BSS from priority group 0
wlan2: 0: 02:00:00:00:00:00 ssid='testnetwork' wpa_ie_len=0 rsn_ie_len=20 caps=0x411 level=-20 freq=2412 
wlan2:    selected based on RSN IE
wlan2: MLD: No Multi-Link element
wlan2:    selected BSS 02:00:00:00:00:00 ssid='testnetwork'
wlan2: Considering connect request: reassociate: 0  selected: 02:00:00:00:00:00  bssid: 00:00:00:00:00:00  pending: 00:00:00:00:00:00  wpa_state: SCANNING  ssid=0x60650e181040  current_ssid=(nil)
wlan2: Request association with 02:00:00:00:00:00
TDLS: TDLS is allowed in the target BSS
TDLS: TDLS channel switch allowed in the target BSS
wlan2: No ongoing scan/p2p-scan found to abort
wlan2: Add radio work 'sme-connect'@0x60650e1acac0
wlan2: First radio work item in the queue - schedule start immediately
p2p-dev-wlan2: Updating scan results from sibling
nl80211: Received scan results (1 BSSes)
p2p-dev-wlan2: BSS: Start scan result update 1
p2p-dev-wlan2: BSS: Add new id 0 BSSID 02:00:00:00:00:00 SSID 'testnetwork' freq 2412
BSS: last_scan_res_used=1/32
wlan2: Starting radio work 'sme-connect'@0x60650e1acac0 after 0.000083 second wait
wlan2: WPA: clearing own WPA/RSN IE
wlan2: RSN: clearing own RSNXE
wlan2: Automatic auth_alg selection: 0x1
wlan2: Using SAE auth_alg
RSN: PMKSA cache search - network_ctx=(nil) try_opportunistic=0 akmp=0x0
RSN: Search for BSSID 02:00:00:00:00:00
RSN: No PMKSA cache entry found
wlan2: RSN: using IEEE 802.11i/D9.0
wlan2: WPA: Selected cipher suites: group 16 pairwise 16 key_mgmt 1024 proto 2
wlan2: WPA: Selected mgmt group cipher 32
wlan2: WPA: clearing AP WPA IE
WPA: set AP RSN IE - hexdump(len=22): 30 14 01 00 00 0f ac 04 01 00 00 0f ac 04 01 00 00 0f ac 08 c0 00
wlan2: WPA: clearing AP RSNXE
wlan2: RSN: Clearing AP RSNE Override element
wlan2: RSN: Clearing AP RSNE Override 2 element
wlan2: RSN: Clearing AP RSNXE Override element
wlan2: WPA: AP group 0x10 network profile group 0x10; available group 0x10
wlan2: WPA: using GTK CCMP
wlan2: WPA: AP pairwise 0x10 network profile pairwise 0x10; available pairwise 0x10
wlan2: WPA: using PTK CCMP
wlan2: WPA: AP key_mgmt 0x400 network profile key_mgmt 0x400; available key_mgmt 0x400
wlan2: RSN: using KEY_MGMT SAE
wlan2: WPA: AP mgmt_group_cipher 0x20 network profile mgmt_group_cipher 0x0; available mgmt_group_cipher 0x20
wlan2: WPA: using MGMT group cipher AES-128-CMAC
WPA: Set own WPA IE default - hexdump(len=28): 30 1a 01 00 00 0f ac 04 01 00 00 0f ac 04 01 00 00 0f ac 08 c0 00 00 00 00 0f ac 06
RSN: Set own RSNXE default - hexdump(len=0):
wlan2: SME: Selected AP supports MFP: require MFP
RRM: Determining whether RRM can be used - device support: 0x10
RRM: No RRM in network
Added supported operating classes IE - hexdump(len=31): 3b 1d 51 51 53 54 73 74 75 76 77 78 79 7a 7b 7c 7d 7e 7f 80 81 83 84 85 86 89 00 82 80 87 85
RSN: PMKSA cache search - network_ctx=0x60650e181040 try_opportunistic=0 akmp=0x400
RSN: Search for BSSID 02:00:00:00:00:00
RSN: No PMKSA cache entry found
SAE: Selecting supported ECC group 19
wlan2: SME: Selected SAE group 19
Get randomness: len=10 entropy=2
SAE: password - hexdump_ascii(len=10):
     50 41 53 53 57 4f 52 44 5f 31                     PASSWORD_1      
SAE: PWE derivation - addr1=02:00:00:00:01:00 addr2=02:00:00:00:00:00
SAE: counter = 001
SAE: pwd-seed - hexdump(len=32): 33 9a 6b 10 a4 c8 40 e0 22 dd 3b d2 08 27 08 b4 56 8b 93 fc 88 e8 55 a9 d1 61 27 a2 b1 de 79 8d
SAE: pwd-value - hexdump(len=32): 57 92 ec 3a 2a 62 d0 6d d3 34 96 60 54 98 ef 88 a5 07 25 b9 8d a8 3e b3 a8 a1 f3 90 d5 42 fe 00
SAE: pwd-seed result 1 found=0xff
SAE: counter = 002
SAE: pwd-seed - hexdump(len=32): 21 47 f8 55 33 ad 2d 52 95 56 c3 05 95 20 cb cd 35 6a 35 c1 85 b5 fe ca 4d 79 df 69 3d f7 bf b1
SAE: pwd-value - hexdump(len=32): ec e3 3d 8c 2b 1f b2 d2 34 88 04 c2 e3 1d 4a f8 23 d7 53 41 18 31 ae e0 c9 6a 65 b3 f0 2b 9e 5f
SAE: pwd-seed result 1 found=0xff
SAE: counter = 003
SAE: pwd-seed - hexdump(len=32): 34 24 f8 53 d2 66 f6 0f dc ea c4 76 0e 51 dc d1 e1 20 36 d1 b7 96 e1 2f 3f d6 9c da 82 68 1f 30
SAE: pwd-value - hexdump(len=32): 0c 28 8e 8b 09 23 59 6e b7 ed 5c a0 d2 52 59 d0 ff 8e 31 ca de bb 21 82 d4 b6 1a 54 55 09 71 2b
SAE: pwd-seed result 0 found=0xff
SAE: counter = 004
SAE: pwd-seed - hexdump(len=32): d5 25 02 3e 23 f7 e5 12 f4 9e f8 83 46 ca a9 1a 08 f4 fd e1 db 64 65 d7 7a 8b 69 00 4e 1d 30 21
SAE: pwd-value - hexdump(len=32): a3 28 22 86 50 9b 6a 35 d6 13 05 77 a6 b9 6f a4 86 00 9f 76 81 b8 9f f7 40 9d ca 23 52 43 4b f9
SAE: pwd-seed result 0 found=0xff
SAE: counter = 005
SAE: pwd-seed - hexdump(len=32): 50 7f a9 38 ae 62 2f a4 22 84 8e 39 7b 35 5b a6 a1 87 6f 44 70 6a 27 ba 87 86 f3 26 16 93 d3 46
SAE: pwd-value - hexdump(len=32): cf 88 83 ba be 50 fd 45 49 0b 79 fb 75 97 ab 31 e9 c6 08 84 e4 69 fc 13 92 e9 cc f6 93 c9 d8 c7
SAE: pwd-seed result 0 found=0xff
SAE: counter = 006
SAE: pwd-seed - hexdump(len=32): 35 62 cf a3 b2 c5 8c 5b 4c 88 c4 b7 8e 8a e8 0e b0 9a c0 a6 b1 99 a8 96 4b ce 5b 66 72 df 80 e4
SAE: pwd-value - hexdump(len=32): d7 22 89 da d8 4f e8 43 63 80 f5 e5 8c c8 47 18 62 10 2d d6 5a 24 ab f2 62 85 29 84 73 38 99 4c
SAE: pwd-seed result 1 found=0xff
SAE: counter = 007
SAE: pwd-seed - hexdump(len=32): dc c4 a1 1e c8 27 6d b6 57 dd e7 25 06 e9 47 8e de 43 d0 d4 5c 35 0b b9 de dd be c6 ab 53 79 47
SAE: pwd-value - hexdump(len=32): 4b 66 e2 63 b0 15 ce 31 0a 49 c8 30 33 11 d1 ff d8 75 66 63 b7 b1 2f d0 f6 be 16 fb d6 2b bd 1c
SAE: pwd-seed result 1 found=0xff
SAE: counter = 008
SAE: pwd-seed - hexdump(len=32): c6 d9 c3 bb 17 4e e7 eb 14 07 82 cb 00 f6 44 37 35 2e a7 66 95 4f 10 2a 0d a4 84 e0 09 5a 88 4e
SAE: pwd-value - hexdump(len=32): ca 32 17 27 fa 19 1e 13 87 b6 2b bb 1d 23 92 27 67 d7 be 70 36 7f 71 6f 4d 5f 70 73 cf ee a0 a1
SAE: pwd-seed result 1 found=0xff
SAE: counter = 009
SAE: pwd-seed - hexdump(len=32): 1a 00 6e a2 ba 72 b8 ac 68 42 19 75 46 19 d4 66 df 45 4a 35 3d 39 4f 3a 3c 59 99 db 1f c7 06 fd
SAE: pwd-value - hexdump(len=32): 51 41 67 00 12 30 d5 87 0e d8 1a 1f 59 9b ac ce 8a af 82 77 87 69 42 08 96 54 af 58 dd 9a 03 e4
SAE: pwd-seed result 1 found=0xff
SAE: counter = 010
SAE: pwd-seed - hexdump(len=32): 10 b6 ff e9 58 ce f4 f7 3a 93 da fd 25 9a 48 2c 0f 07 71 0d fb e7 e2 4e 6a 74 59 ad 06 49 8b 53
SAE: pwd-value - hexdump(len=32): d4 33 14 72 4b 1b 68 0b af 82 f3 c4 00 e8 32 89 c3 84 63 a8 ec 15 27 8a 76 71 f3 69 f9 54 fa f4
SAE: pwd-seed result 1 found=0xff
SAE: counter = 011
SAE: pwd-seed - hexdump(len=32): 38 81 0c e1 b7 ab 46 5e ff 10 5c 40 01 6a 59 f0 c9 98 20 8f b2 55 f2 ae d0 6a 01 b4 c3 85 54 e3
SAE: pwd-value - hexdump(len=32): 8a 4e 4a 22 c9 46 e4 9e a4 33 a8 9a a0 3f 5b fc a4 11 76 c7 25 25 42 ac f7 44 ea c1 40 c4 d3 78
SAE: pwd-seed result 1 found=0xff
SAE: counter = 012
SAE: pwd-seed - hexdump(len=32): 38 b7 b4 ab 96 bb 71 b9 40 a6 ac 53 ce c7 56 2e e8 cb 5c cc a3 a2 ee 53 49 02 56 8a 7b 09 b2 f6
SAE: pwd-value - hexdump(len=32): 50 b3 41 6c f4 3d 5a 49 d1 89 82 f5 4e f2 33 5f f8 6a 81 97 e5 21 8c 29 c6 f7 62 f0 58 76 14 ff
SAE: pwd-seed result 0 found=0xff
SAE: counter = 013
SAE: pwd-seed - hexdump(len=32): 1d f4 4d 02 f2 66 bf 95 fa a7 df 36 0f b2 c0 b9 ff 41 d5 23 1f 3a fe 67 e3 b9 c4 05 33 b3 8c 17
SAE: pwd-value - hexdump(len=32): 18 05 84 a6 0c e9 18 df 89 e8 29 51 17 91 3e 54 ed a8 8c 72 5c f2 4c fa d0 e1 59 4f fa b1 f6 bf
SAE: pwd-seed result 1 found=0xff
SAE: counter = 014
SAE: pwd-seed - hexdump(len=32): 58 fc 9f 1f 47 ac 92 52 de 82 40 ab b7 6a 4c 8d ea 9d 35 12 79 fb 45 47 11 35 94 ce 7f ab 78 31
SAE: pwd-value - hexdump(len=32): 39 ae 10 26 75 68 01 f9 7e 5a b8 f5 0c 3a 2f 62 5f 90 e3 00 53 40 b7 d3 69 a4 93 01 7c 9c e9 b0
SAE: pwd-seed result 0 found=0xff
SAE: counter = 015
SAE: pwd-seed - hexdump(len=32): 07 69 20 4a 53 89 09 0e 23 1a 40 34 4b 88 d4 3d 2e b6 58 01 20 38 f9 d0 6e 80 00 72 2a 91 7f a5
SAE: pwd-value - hexdump(len=32): 95 8b 5d 1c 2f 72 8c b5 29 5a 8d 24 c5 83 f4 43 7d cb b2 b4 41 f9 b0 29 40 54 34 eb ce 65 20 53
SAE: pwd-seed result 0 found=0xff
SAE: counter = 016
SAE: pwd-seed - hexdump(len=32): 7a d6 8b 9c 4b 6e d1 f4 1e 61 39 f9 85 cc bd 36 98 95 4a 38 bf c0 d2 5b 9c d7 e3 1c b2 4d 29 87
SAE: pwd-value - hexdump(len=32): 1f ac 8d 86 e8 df 8a c3 cd bb f4 82 99 61 a8 f6 43 1a 55 ca 78 96 c2 8d ba 48 32 ba f2 c7 b2 89
SAE: pwd-seed result 1 found=0xff
SAE: counter = 017
SAE: pwd-seed - hexdump(len=32): 3b bb ed ad 6c 08 ce 1c d7 25 f4 e0 42 4a 30 ae e7 04 82 ec e6 d3 7e ac 35 79 17 43 ac d8 fb db
SAE: pwd-value - hexdump(len=32): 56 c8 49 41 66 a8 d2 61 f8 6b 17 91 3e 6a 5e e1 74 fd 98 78 53 a8 3e b0 9c 99 79 88 70 67 25 55
SAE: pwd-seed result 1 found=0xff
SAE: counter = 018
SAE: pwd-seed - hexdump(len=32): bf 2b ae 04 58 5a 59 44 de ac ae e7 15 41 90 57 15 e1 ba 3d c4 5d 49 00 89 3b 4e 85 92 3e 38 75
SAE: pwd-value - hexdump(len=32): a0 81 b2 66 9a 78 e5 23 03 0c 53 9d f4 94 85 80 23 ac 7c 91 8c 51 67 91 0f ee 3a 91 46 34 72 cb
SAE: pwd-seed result 1 found=0xff
SAE: counter = 019
SAE: pwd-seed - hexdump(len=32): e2 10 71 94 e8 2a e9 0d ac c2 aa 4b ec b4 64 f6 e8 4d fb 5e a7 dc 50 2d 40 22 a2 85 20 fa 19 ab
SAE: pwd-value - hexdump(len=32): 40 3e 44 cd ee 9a c5 73 47 a1 1d 8f e7 44 9f b4 c3 a1 fa ed 88 b3 4a 0b 65 3e 8b e9 e3 93 8b 6e
SAE: pwd-seed result 0 found=0xff
SAE: counter = 020
SAE: pwd-seed - hexdump(len=32): 84 76 c1 2d a6 47 36 16 2d 94 6f 48 7f b2 06 b8 9c 19 a0 5b 73 a1 80 b3 49 d9 ff 5f e5 94 e8 25
SAE: pwd-value - hexdump(len=32): a8 da 3a 3e 68 ee d1 73 06 3f f0 e3 f2 9a b9 92 47 f4 53 71 78 cb 0a 6a ef 84 60 29 f2 01 40 89
SAE: pwd-seed result 0 found=0xff
SAE: counter = 021
SAE: pwd-seed - hexdump(len=32): 8a fa 69 1e 83 19 6b 49 83 74 49 06 ca 8f c4 85 db 3e 50 d3 cf f1 7e f0 7e f2 1e 2a 7a 04 62 a2
SAE: pwd-value - hexdump(len=32): f4 c8 5a 27 57 dd 99 ff 99 42 4a 23 b7 2a 24 40 f5 6c 4b 64 73 00 27 27 2a 91 1c b9 1e 77 f1 4d
SAE: pwd-seed result 1 found=0xff
SAE: counter = 022
SAE: pwd-seed - hexdump(len=32): ed a3 1d 03 17 a9 8d 1a 66 74 53 a4 2a 40 a6 0b c9 08 79 fd 46 57 1b 44 5e e8 b4 59 7a a2 f1 22
SAE: pwd-value - hexdump(len=32): 31 ff a0 14 8b 9c fe ee 95 95 c7 a6 b3 16 41 64 fb d6 f3 1d 3e e4 26 ca 8d ad c2 c7 cf 60 26 17
SAE: pwd-seed result 1 found=0xff
SAE: counter = 023
SAE: pwd-seed - hexdump(len=32): 71 35 f3 41 f7 e1 c1 b5 84 96 65 ae 5f 19 41 70 ec 85 1c 5c 46 5d 5d 1c 24 c7 c4 d4 e0 65 66 07
SAE: pwd-value - hexdump(len=32): b0 d6 e1 66 c7 0b 26 59 aa 27 66 ac d2 60 4e 4b 5e 69 e8 a5 f8 dd ad be 32 84 6b 31 64 58 ce b1
SAE: pwd-seed result 1 found=0xff
SAE: counter = 024
SAE: pwd-seed - hexdump(len=32): 60 fa 14 93 63 be 16 02 b4 d3 33 d1 14 3b 6b 6a 73 a2 58 59 74 db f8 5e 17 a1 9d 1d ef 9a af 58
SAE: pwd-value - hexdump(len=32): 29 08 03 79 ae b6 a8 26 1d 1d 19 0b da 58 82 45 f9 2a 91 53 c9 ea 6c 35 5c 54 09 ad 42 b5 b5 81
SAE: pwd-seed result 0 found=0xff
SAE: counter = 025
SAE: pwd-seed - hexdump(len=32): 2e 11 bb 19 c8 cd ad 9d 57 b0 04 e9 c4 7a 16 25 4c f4 97 6a 6f 72 d8 42 c6 41 f3 bb 25 0a c7 2f
SAE: pwd-value - hexdump(len=32): ec d8 25 b5 86 dd 83 9e bf 86 0e 2b bd b7 8f e1 f7 95 54 42 e4 ee 9b ba f7 ac 38 c3 f3 ec 3a 84
SAE: pwd-seed result 0 found=0xff
SAE: counter = 026
SAE: pwd-seed - hexdump(len=32): 23 e3 c8 68 51 bf 40 fe 15 81 ea 4d f9 2b c9 a8 df df 69 2f 41 40 9b e4 e6 90 97 f4 63 b3 ca 91
SAE: pwd-value - hexdump(len=32): ed 11 67 2f 14 a8 8c 7e 93 aa e4 1c fb 34 1f b0 0c 3f 31 00 76 ed a8 eb 21 90 ae 42 9e 20 a7 17
SAE: pwd-seed result 1 found=0xff
SAE: counter = 027
SAE: pwd-seed - hexdump(len=32): 7e c8 87 1c ce b0 b0 20 f3 14 6e b2 e5 dd 0d 69 ef 51 33 41 4d 59 4d fb aa 8c 13 5a 99 4e 1c e7
SAE: pwd-value - hexdump(len=32): 50 8c 0a dc 96 1c fa 39 a8 ed f5 5e d0 82 d7 09 ec a2 55 3f 38 5b 9a b6 e9 40 fa 50 c3 77 1d 9b
SAE: pwd-seed result 1 found=0xff
SAE: counter = 028
SAE: pwd-seed - hexdump(len=32): da a0 71 57 5c 18 be 0e 65 af 6e f7 90 67 23 c8 57 88 59 7e bf b8 34 09 65 56 e1 71 c2 c3 60 41
SAE: pwd-value - hexdump(len=32): fe 38 1f 79 97 b3 8c ee 60 7a 62 7d 68 f0 91 d4 bb 21 60 f1 a6 ea ab 5e cf d9 a6 60 43 9c 02 86
SAE: pwd-seed result 1 found=0xff
SAE: counter = 029
SAE: pwd-seed - hexdump(len=32): 2a 43 e1 24 69 a0 68 7f 7d 16 04 47 0c 76 d3 fe 20 b8 45 b5 08 df 2b 09 24 01 cc 84 17 85 92 eb
SAE: pwd-value - hexdump(len=32): 9d f4 e1 00 3f b6 8d 3b 9d 02 c5 a4 ed 2b 9f c6 42 db 13 08 42 e2 67 67 fc 15 1c 3b 0f ee 24 4b
SAE: pwd-seed result 1 found=0xff
SAE: counter = 030
SAE: pwd-seed - hexdump(len=32): 9e 35 65 0f 5b 87 3c 8c f9 ca 58 42 86 19 b8 0d ec 21 34 5f ee 51 4d c3 86 94 ee 3a 2d f5 c6 13
SAE: pwd-value - hexdump(len=32): 4e a2 07 28 0f 5a c0 66 d4 1c 87 84 b2 a7 9c 52 a3 79 d1 dc dc b7 08 07 4d b1 d1 fc 64 41 7e a0
SAE: pwd-seed result 0 found=0xff
SAE: counter = 031
SAE: pwd-seed - hexdump(len=32): 3f 5f 1b 52 0a bb 2c 61 7d b5 cd 5a 89 f9 dd 6a 25 6d 74 97 81 6c 20 b9 1b 2a f8 f3 ae 9b 25 3f
SAE: pwd-value - hexdump(len=32): 7e 0e 22 ba 42 d2 da a5 9c d2 c5 a7 5c 1a e0 8b b8 fd 51 76 e8 21 e1 5d 0a 79 a9 f6 03 bb 94 d8
SAE: pwd-seed result 1 found=0xff
SAE: counter = 032
SAE: pwd-seed - hexdump(len=32): dd 7f 8e 7d 85 e7 89 3f 52 53 1f 87 e2 9d 39 6f ea c8 05 f9 8f 86 16 9f 1c ad 63 76 29 ec 97 c0
SAE: pwd-value - hexdump(len=32): c5 33 08 54 6d f9 32 bc 84 07 f6 a7 9f 7b 85 f2 0b 4c 9f fc df e9 e0 3d 90 03 42 ac 1c df 58 fc
SAE: pwd-seed result 1 found=0xff
SAE: counter = 033
SAE: pwd-seed - hexdump(len=32): fa 03 f9 2f 56 36 7f c5 7a bb 19 98 dd 87 8b d1 3c 4b 59 d1 e1 51 e8 04 2b 4d 94 23 1c 00 b4 b0
SAE: pwd-value - hexdump(len=32): 37 f1 b1 13 06 c5 62 87 e2 a0 77 f1 99 c3 2d 28 0f a1 c1 73 54 0b 79 eb b9 86 c2 d0 89 ca 98 e8
SAE: pwd-seed result 0 found=0xff
SAE: counter = 034
SAE: pwd-seed - hexdump(len=32): c4 6e b4 fb f0 5a 4d e9 f5 50 44 15 ef 8b ba aa 49 01 97 a5 fd 89 39 c5 61 14 3a 0b 55 28 71 6c
SAE: pwd-value - hexdump(len=32): 36 1e 75 ac 9c 59 36 95 66 dd 39 6f 05 e8 4e 2e 75 87 ad 26 36 dd 0b bc f3 99 01 e6 27 9a 53 43
SAE: pwd-seed result 1 found=0xff
SAE: counter = 035
SAE: pwd-seed - hexdump(len=32): ac 25 65 a4 74 3c b5 b4 63 d1 c7 33 65 b2 ab d1 86 07 b3 b7 46 8a fe 9f e8 29 1f 38 83 6b 1e 97
SAE: pwd-value - hexdump(len=32): 58 4c 2d a3 fd 06 7c 27 11 f6 6f 34 2e 99 04 29 70 37 9c 0c b1 ed da e5 65 67 84 8a 62 3c c9 6e
SAE: pwd-seed result 0 found=0xff
SAE: counter = 036
SAE: pwd-seed - hexdump(len=32): 03 ab 07 4b eb 7b 8d 06 ed f7 53 49 aa cd d0 68 0a 86 63 6d 9c c5 0b 67 66 4c d0 6a ef c1 05 cf
SAE: pwd-value - hexdump(len=32): 4e 9b d0 1f e3 59 a8 88 3f f3 e3 45 0f c4 21 2b ca 69 4a 43 41 8d 3f c1 69 7f 20 6c b1 e1 bc 41
SAE: pwd-seed result 1 found=0xff
SAE: counter = 037
SAE: pwd-seed - hexdump(len=32): 3e dc 1f ba f9 18 7e fa bd 1f 72 09 30 f5 5b bd 85 19 28 db 13 7f 43 ca c1 5a 74 67 2f 65 f5 5b
SAE: pwd-value - hexdump(len=32): d4 8d 78 f7 94 3c cc b0 7d 46 3f 29 0d c8 20 ab 64 ff 78 73 9d a8 6c 1f 16 3a 7a 05 ec 8d 1a b7
SAE: pwd-seed result 1 found=0xff
SAE: counter = 038
SAE: pwd-seed - hexdump(len=32): d9 7e 3b 6c ba a3 f2 ae 75 6e 7c 22 09 1b f8 6b 4b 02 77 ef e3 61 af 1e 5c e6 44 cf ad af 02 40
SAE: pwd-value - hexdump(len=32): b9 e5 7a c3 44 66 60 1d d3 e8 df 27 d0 0a 2b 92 f8 5d b6 83 39 eb e7 fe f5 2b 10 01 96 1c 91 88
SAE: pwd-seed result 1 found=0xff
SAE: counter = 039
SAE: pwd-seed - hexdump(len=32): a9 df dd 52 38 19 ed 45 81 c3 29 2e 53 f0 67 bd 98 ef bb 54 56 b6 18 23 d1 3e c9 a8 94 c5 4a 63
SAE: pwd-value - hexdump(len=32): 6b 00 df a3 a0 24 7a 72 61 a3 d7 ae 05 da 6c 45 5e 4c d6 04 21 c9 04 24 be 04 91 23 49 e7 ea e3
SAE: pwd-seed result 1 found=0xff
SAE: counter = 040
SAE: pwd-seed - hexdump(len=32): af 2a 91 86 28 53 c8 d9 2b 72 27 2d 72 fa 04 94 ce 1a 96 62 8c e9 20 01 8b 17 d3 ff eb 93 42 25
SAE: pwd-value - hexdump(len=32): 0d 52 f4 d7 19 7b c2 46 9e 9b de 1b 65 6b d2 11 44 d6 15 ae b4 46 bc d8 0d 12 ac bc 2e bf b6 ea
SAE: pwd-seed result 0 found=0xff
SAE: PWE - hexdump(len=64): 57 92 ec 3a 2a 62 d0 6d d3 34 96 60 54 98 ef 88 a5 07 25 b9 8d a8 3e b3 a8 a1 f3 90 d5 42 fe 00 a9 a4 1d a4 5b 99 fb 61 1f db ab f4 6d 1a e3 36 6f 68 d7 f0 05 95 26 2a f0 07 d6 93 64 07 c4 a7
SAE: own commit-scalar - hexdump(len=32): 12 34 e5 b7 21 42 af 21 f8 08 11 8a d2 80 e3 4d 0c 83 79 87 c8 86 e4 e1 f6 27 97 d4 68 d8 97 79
SAE: own commit-element(x) - hexdump(len=32): 81 dc 45 f3 3a dc 67 e5 98 96 20 d0 f1 5f 48 62 78 d2 29 08 35 4b 68 ee b2 55 39 99 71 91 03 7d
SAE: own commit-element(y) - hexdump(len=32): f2 5a 78 c3 45 c3 63 4c d4 64 d3 c1 20 c9 02 b7 6a 26 0d 47 b0 27 3f d8 4a 1b 7b ad fc bc fe dc
EAPOL: External notification - EAP success=0
EAPOL: External notification - EAP fail=0
EAPOL: External notification - portControl=Auto
wlan2: Cancelling scan request
wlan2: SME: Trying to authenticate with 02:00:00:00:00:00 (SSID='testnetwork' freq=2412 MHz)
EAPOL: External notification - portValid=0
wlan2: State: SCANNING -> AUTHENTICATING
wlan2: Determining shared radio frequencies (max len 1)
wlan2: Shared frequencies (len=0): completed iteration
P2P: Add operating class 81
P2P: Channels - hexdump(len=11): 01 02 03 04 05 06 07 08 09 0a 0b
P2P: Add operating class 115
P2P: Channels - hexdump(len=4): 24 28 2c 30
P2P: Add operating class 116
P2P: Channels - hexdump(len=2): 24 2c
P2P: Add operating class 117
P2P: Channels - hexdump(len=2): 28 30
P2P: Add operating class 124
P2P: Channels - hexdump(len=4): 95 99 9d a1
P2P: Add operating class 125
P2P: Channels - hexdump(len=5): 95 99 9d a1 a5
P2P: Add operating class 126
P2P: Channels - hexdump(len=2): 95 9d
P2P: Add operating class 127
P2P: Channels - hexdump(len=2): 99 a1
P2P: Add operating class 128
P2P: Channels - hexdump(len=8): 24 28 2c 30 95 99 9d a1
P2P: Add operating class 130
P2P: Channels - hexdump(len=9): 24 28 2c 30 95 99 9d a1 a5
P2P: Update channel list
P2P: channels: 81:1,2,3,4,5,6,7,8,9,10,11 115:36,40,44,48 116:36,44 117:40,48 124:149,153,157,161 125:149,153,157,161,165 126:149,157 127:153,161 128:36,40,44,48,149,153,157,161 130:36,40,44,48,149,153,157,161,165
P2P: cli_channels:
wlan2: Determining shared radio frequencies (max len 1)
wlan2: Shared frequencies (len=0): completed iteration
nl80211: Authenticate (ifindex=5)
  * bssid=02:00:00:00:00:00
  * freq=2412
  * SSID=testnetwork
  * IEs - hexdump(len=0): [NULL]
  * auth_data - hexdump(len=102): 01 00 00 00 13 00 12 34 e5 b7 21 42 af 21 f8 08 11 8a d2 80 e3 4d 0c 83 79 87 c8 86 e4 e1 f6 27 97 d4 68 d8 97 79 81 dc 45 f3 3a dc 67 e5 98 96 20 d0 f1 5f 48 62 78 d2 29 08 35 4b 68 ee b2 55 39 99 71 91 03 7d f2 5a 78 c3 45 c3 63 4c d4 64 d3 c1 20 c9 02 b7 6a 26 0d 47 b0 27 3f d8 4a 1b 7b ad fc bc fe dc
  * Auth Type 4
nl80211: Authentication request send successfully
nl80211: Event message available
nl80211: Drv Event 19 (NL80211_CMD_NEW_STATION) received for wlan2
nl80211: New station 02:00:00:00:00:00
nl80211: Event message available
nl80211: Ignored event 19 (NL80211_CMD_NEW_STATION) for foreign interface (ifindex 4 wdev 0x0 wiphy -1)
nl80211: Event message available
nl80211: Ignored event 60 (NL80211_CMD_FRAME_TX_STATUS) for foreign interface (ifindex 4 wdev 0x0 wiphy -1)
nl80211: Event message available
nl80211: Drv Event 37 (NL80211_CMD_AUTHENTICATE) received for wlan2
nl80211: MLME event 37 (NL80211_CMD_AUTHENTICATE) on wlan2(02:00:00:00:01:00) A1=02:00:00:00:01:00 A2=02:00:00:00:00:00 on link_id=-1
nl80211: MLME event frame - hexdump(len=1092): b0 00 3a 01 02 00 00 00 01 00 02 00 00 00 00 00 02 00 00 00 00 00 f0 01 03 00 01 00 00 00 13 00 df 3c 95 c7 2c e8 b1 07 a4 7d e4 32 31 87 91 28 ef 44 8b 18 ce d8 d0 07 5b 41 5e 00 d8 d1 28 bd 10 00 00 00 7b 82 c8 14 ec da af 50 c8 e8 26 26 9a 48 dd f3 50 67 90 cc 8f 54 3d 87 84 e8 cd 80 b6 99 1a bd 62 10 18 80 10 8f 37 db 19 fa 1e f1 5a fa 6e 9e ec be 52 7c 0c f5 b4 24 bc 09 fc aa b0 87 cd 1b 0a b7 5a 83 f6 fc 20 aa 63 88 ef 5f 72 63 c2 0f b9 00 5c 3e 21 a6 f2 f0 e4 76 5a 3d 40 90 7f a8 2a 7b 26 42 ee 7f 33 dc 93 be 87 fd 64 f4 3d dd fb c6 69 0b 2c 7c 4b 15 0d eb db aa d9 3b af c9 e8 9b b1 b1 d3 06 f8 6d 6c 64 6b 31 bb 5c fb 67 0e a4 42 31 bf 66 15 c0 2b 8f f5 34 f3 fa 8a b6 01 94 ba 16 b6 fa e9 c2 dc 92 29 21 b6 ad f0 ac 49 b8 55 7b e4 95 5c 25 24 76 e3 b0 c5 54 7c b4 0f db 94 b2 eb 44 31 ad ad b3 75 49 fd b3 46 cb aa 06 7c 16 9e 6b ec 6b 98 c5 45 c9 3d c1 50 70 60 6c 41 3a 73 b3 8b ca 49 dd 45 ef 6f b5 b9 6b 31 7b 99 4b d8 7f da 76 2c d1 93 9c 4d 58 64 49 ec 08 32 70 fe 5d 78 f9 e0 d7 a0 de 61 6f ee 94 b7 9d 41 05 53 80 84 2c 19 47 e5 a3 dd 78 ca de 14 5f cb e2 f8 08 41 d0 09 3b 4b 4d 96 35 53 3c 62 e7 4b 3d 9a f1 ce 98 1f 44 69 79 51 9d fa 74 bc 37 77 7e 50 dc fc e8 54 90 7d 46 14 be 74 9d ab e0 cb 6e 20 9e fc 6a 25 b2 e9 3d ce 2c 8f e4 8f 5d 4a f8 8a b5 d6 44 e9 de ff 89 52 4b 5e 34 b6 13 66 f1 49 29 dd a3 83 ee a4 94 65 44 16 46 98 0b 88 41 69 ea 5b 7a de aa 2e c2 23 e5 60 2a ff 6e 73 a7 bd bd b6 48 e2 d9 3c 78 83 0e 95 fc 4a 59 f7 d3 38 b8 86 d8 fc 94 2f bd e9 38 70 95 0a cc 2c ed c4 79 b0 a3 40 1c 31 2b 75 78 dd e4 f5 d2 f2 ea d3 aa d7 0f f9 c4 ff 42 f9 ab 7a 30 b5 0d ef f4 37 31 50 90 b2 71 3b 91 10 ff 4e d6 e2 91 dd 8f b6 40 8e 17 09 04 f2 cc bf 8d 80 33 5a 06 42 16 5a c3 cf ee 20 7a ae ee 83 bf 41 46 4c 0b da a9 4f ef 94 06 f8 2a f8 f4 c9 7b a1 b0 4d 62 52 f2 d9 1a 99 65 bb 40 ef 6d c6 10 7f e2 b5 1d 17 fb e1 fe 4a 0a 67 61 97 2a 82 58 5e 5d 64 16 10 df 87 df 45 9e 53 ec eb a9 32 9f a8 d8 83 a7 3c d6 23 fe 3d f7 9c 83 aa 4c d5 c2 82 18 d2 39 df 97 51 62 73 6f ea 52 b6 d6 4f 60 8c 27 09 98 62 8c 3d 4a 07 6d 28 b1 c4 a9 07 9d e1 26 19 45 be 54 d0 e8 a7 e1 f7 d7 c3 23 29 b7 db df 3b 62 57 46 11 47 9b 33 e6 b5 63 7b dc 47 26 02 ef a3 13 41 02 22 88 f9 ae 2e c5 c9 17 7b 11 9c 13 e3 68 71 3a bc 53 fd 8f 3a ba 20 06 b8 5d 53 b0 ef 61 27 29 b6 e3 f4 89 80 90 d6 cb 9f 8a 53 32 75 0a fa 8a ae 75 a6 2a e9 52 06 3f c0 11 52 2a f5 b7 26 ae 90 9f f7 fe b5 63 5c 69 d1 11 b9 eb 5f 30 77 67 17 73 cb 9a db cc a7 bc 24 d9 1b dd d7 01 bc a2 5d 65 ce 89 fc c4 60 f1 58 cf 43 d7 be 2b de 46 04 6d df 0a 4c 47 2c 71 0b d6 de 13 1c 54 53 95 99 ca dd 47 9d 1b d0 6c 5f a4 a9 0a 40 60 2a 49 39 e8 39 70 63 57 99 d0 8f 7a e7 4e 67 23 61 c1 b7 dc 85 49 90 7a 99 d1 74 cb 15 7c d2 53 28 54 58 d7 8a a0 79 b3 f1 ed 54 63 41 fd 90 9a 87 6d 4f 82 ff f3 a9 83 59 ef 16 0d 04 24 9b 4a 0f 68 c9 4c 83 27 85 1a ff 0d 45 7e b7 4a af 0b 86 89 c8 ca d8 a1 31 f5 6c 9d 53 8d d0 02 d4 74 b0 4a 7f 03 b8 ee 1d 97 f5 e6 2a 6b ba d9 99 cb d0 ce be 25 6e 0f 34 08 d6 bb 28 f6 2f a9 15 a4 84 05 98 8c a2 c0 83 8b 11 77 6b d9 c0 4a 3d d7 0f f7 74 b5 4b 2f 5d dd 15 e5 6b 94 0e 7d d8 cc 0c c4 20 7a e4 9f 10 95 c9 db 86 88 24 bb d2 4b 49 68 9c a9 b8 52 64 58 0f 65 c2 d2 0d fd 1a d2 10 e5 13 01 c9 ac 63 53 ad c0 9e e6 aa e8 8b a1 57 8f 58 f6 ff 37 28 9e b7 3b 72 5f c2
nl80211: Authenticate event
wlan2: Event AUTH (10) received
wlan2: SME: Authentication response: peer=02:00:00:00:00:00 auth_type=3 auth_transaction=1 status_code=0
SME: Authentication response IEs - hexdump(len=1062): 13 00 df 3c 95 c7 2c e8 b1 07 a4 7d e4 32 31 87 91 28 ef 44 8b 18 ce d8 d0 07 5b 41 5e 00 d8 d1 28 bd 10 00 00 00 7b 82 c8 14 ec da af 50 c8 e8 26 26 9a 48 dd f3 50 67 90 cc 8f 54 3d 87 84 e8 cd 80 b6 99 1a bd 62 10 18 80 10 8f 37 db 19 fa 1e f1 5a fa 6e 9e ec be 52 7c 0c f5 b4 24 bc 09 fc aa b0 87 cd 1b 0a b7 5a 83 f6 fc 20 aa 63 88 ef 5f 72 63 c2 0f b9 00 5c 3e 21 a6 f2 f0 e4 76 5a 3d 40 90 7f a8 2a 7b 26 42 ee 7f 33 dc 93 be 87 fd 64 f4 3d dd fb c6 69 0b 2c 7c 4b 15 0d eb db aa d9 3b af c9 e8 9b b1 b1 d3 06 f8 6d 6c 64 6b 31 bb 5c fb 67 0e a4 42 31 bf 66 15 c0 2b 8f f5 34 f3 fa 8a b6 01 94 ba 16 b6 fa e9 c2 dc 92 29 21 b6 ad f0 ac 49 b8 55 7b e4 95 5c 25 24 76 e3 b0 c5 54 7c b4 0f db 94 b2 eb 44 31 ad ad b3 75 49 fd b3 46 cb aa 06 7c 16 9e 6b ec 6b 98 c5 45 c9 3d c1 50 70 60 6c 41 3a 73 b3 8b ca 49 dd 45 ef 6f b5 b9 6b 31 7b 99 4b d8 7f da 76 2c d1 93 9c 4d 58 64 49 ec 08 32 70 fe 5d 78 f9 e0 d7 a0 de 61 6f ee 94 b7 9d 41 05 53 80 84 2c 19 47 e5 a3 dd 78 ca de 14 5f cb e2 f8 08 41 d0 09 3b 4b 4d 96 35 53 3c 62 e7 4b 3d 9a f1 ce 98 1f 44 69 79 51 9d fa 74 bc 37 77 7e 50 dc fc e8 54 90 7d 46 14 be 74 9d ab e0 cb 6e 20 9e fc 6a 25 b2 e9 3d ce 2c 8f e4 8f 5d 4a f8 8a b5 d6 44 e9 de ff 89 52 4b 5e 34 b6 13 66 f1 49 29 dd a3 83 ee a4 94 65 44 16 46 98 0b 88 41 69 ea 5b 7a de aa 2e c2 23 e5 60 2a ff 6e 73 a7 bd bd b6 48 e2 d9 3c 78 83 0e 95 fc 4a 59 f7 d3 38 b8 86 d8 fc 94 2f bd e9 38 70 95 0a cc 2c ed c4 79 b0 a3 40 1c 31 2b 75 78 dd e4 f5 d2 f2 ea d3 aa d7 0f f9 c4 ff 42 f9 ab 7a 30 b5 0d ef f4 37 31 50 90 b2 71 3b 91 10 ff 4e d6 e2 91 dd 8f b6 40 8e 17 09 04 f2 cc bf 8d 80 33 5a 06 42 16 5a c3 cf ee 20 7a ae ee 83 bf 41 46 4c 0b da a9 4f ef 94 06 f8 2a f8 f4 c9 7b a1 b0 4d 62 52 f2 d9 1a 99 65 bb 40 ef 6d c6 10 7f e2 b5 1d 17 fb e1 fe 4a 0a 67 61 97 2a 82 58 5e 5d 64 16 10 df 87 df 45 9e 53 ec eb a9 32 9f a8 d8 83 a7 3c d6 23 fe 3d f7 9c 83 aa 4c d5 c2 82 18 d2 39 df 97 51 62 73 6f ea 52 b6 d6 4f 60 8c 27 09 98 62 8c 3d 4a 07 6d 28 b1 c4 a9 07 9d e1 26 19 45 be 54 d0 e8 a7 e1 f7 d7 c3 23 29 b7 db df 3b 62 57 46 11 47 9b 33 e6 b5 63 7b dc 47 26 02 ef a3 13 41 02 22 88 f9 ae 2e c5 c9 17 7b 11 9c 13 e3 68 71 3a bc 53 fd 8f 3a ba 20 06 b8 5d 53 b0 ef 61 27 29 b6 e3 f4 89 80 90 d6 cb 9f 8a 53 32 75 0a fa 8a ae 75 a6 2a e9 52 06 3f c0 11 52 2a f5 b7 26 ae 90 9f f7 fe b5 63 5c 69 d1 11 b9 eb 5f 30 77 67 17 73 cb 9a db cc a7 bc 24 d9 1b dd d7 01 bc a2 5d 65 ce 89 fc c4 60 f1 58 cf 43 d7 be 2b de 46 04 6d df 0a 4c 47 2c 71 0b d6 de 13 1c 54 53 95 99 ca dd 47 9d 1b d0 6c 5f a4 a9 0a 40 60 2a 49 39 e8 39 70 63 57 99 d0 8f 7a e7 4e 67 23 61 c1 b7 dc 85 49 90 7a 99 d1 74 cb 15 7c d2 53 28 54 58 d7 8a a0 79 b3 f1 ed 54 63 41 fd 90 9a 87 6d 4f 82 ff f3 a9 83 59 ef 16 0d 04 24 9b 4a 0f 68 c9 4c 83 27 85 1a ff 0d 45 7e b7 4a af 0b 86 89 c8 ca d8 a1 31 f5 6c 9d 53 8d d0 02 d4 74 b0 4a 7f 03 b8 ee 1d 97 f5 e6 2a 6b ba d9 99 cb d0 ce be 25 6e 0f 34 08 d6 bb 28 f6 2f a9 15 a4 84 05 98 8c a2 c0 83 8b 11 77 6b d9 c0 4a 3d d7 0f f7 74 b5 4b 2f 5d dd 15 e5 6b 94 0e 7d d8 cc 0c c4 20 7a e4 9f 10 95 c9 db 86 88 24 bb d2 4b 49 68 9c a9 b8 52 64 58 0f 65 c2 d2 0d fd 1a d2 10 e5 13 01 c9 ac 63 53 ad c0 9e e6 aa e8 8b a1 57 8f 58 f6 ff 37 28 9e b7 3b 72 5f c2
wlan2: SME: SAE authentication transaction 1 status code 0
wlan2: SME SAE commit
SME: USING PASSWORD: PASSWORD_1
SAE: data - hexdump(len=1062): 13 00 df 3c 95 c7 2c e8 b1 07 a4 7d e4 32 31 87 91 28 ef 44 8b 18 ce d8 d0 07 5b 41 5e 00 d8 d1 28 bd 10 00 00 00 7b 82 c8 14 ec da af 50 c8 e8 26 26 9a 48 dd f3 50 67 90 cc 8f 54 3d 87 84 e8 cd 80 b6 99 1a bd 62 10 18 80 10 8f 37 db 19 fa 1e f1 5a fa 6e 9e ec be 52 7c 0c f5 b4 24 bc 09 fc aa b0 87 cd 1b 0a b7 5a 83 f6 fc 20 aa 63 88 ef 5f 72 63 c2 0f b9 00 5c 3e 21 a6 f2 f0 e4 76 5a 3d 40 90 7f a8 2a 7b 26 42 ee 7f 33 dc 93 be 87 fd 64 f4 3d dd fb c6 69 0b 2c 7c 4b 15 0d eb db aa d9 3b af c9 e8 9b b1 b1 d3 06 f8 6d 6c 64 6b 31 bb 5c fb 67 0e a4 42 31 bf 66 15 c0 2b 8f f5 34 f3 fa 8a b6 01 94 ba 16 b6 fa e9 c2 dc 92 29 21 b6 ad f0 ac 49 b8 55 7b e4 95 5c 25 24 76 e3 b0 c5 54 7c b4 0f db 94 b2 eb 44 31 ad ad b3 75 49 fd b3 46 cb aa 06 7c 16 9e 6b ec 6b 98 c5 45 c9 3d c1 50 70 60 6c 41 3a 73 b3 8b ca 49 dd 45 ef 6f b5 b9 6b 31 7b 99 4b d8 7f da 76 2c d1 93 9c 4d 58 64 49 ec 08 32 70 fe 5d 78 f9 e0 d7 a0 de 61 6f ee 94 b7 9d 41 05 53 80 84 2c 19 47 e5 a3 dd 78 ca de 14 5f cb e2 f8 08 41 d0 09 3b 4b 4d 96 35 53 3c 62 e7 4b 3d 9a f1 ce 98 1f 44 69 79 51 9d fa 74 bc 37 77 7e 50 dc fc e8 54 90 7d 46 14 be 74 9d ab e0 cb 6e 20 9e fc 6a 25 b2 e9 3d ce 2c 8f e4 8f 5d 4a f8 8a b5 d6 44 e9 de ff 89 52 4b 5e 34 b6 13 66 f1 49 29 dd a3 83 ee a4 94 65 44 16 46 98 0b 88 41 69 ea 5b 7a de aa 2e c2 23 e5 60 2a ff 6e 73 a7 bd bd b6 48 e2 d9 3c 78 83 0e 95 fc 4a 59 f7 d3 38 b8 86 d8 fc 94 2f bd e9 38 70 95 0a cc 2c ed c4 79 b0 a3 40 1c 31 2b 75 78 dd e4 f5 d2 f2 ea d3 aa d7 0f f9 c4 ff 42 f9 ab 7a 30 b5 0d ef f4 37 31 50 90 b2 71 3b 91 10 ff 4e d6 e2 91 dd 8f b6 40 8e 17 09 04 f2 cc bf 8d 80 33 5a 06 42 16 5a c3 cf ee 20 7a ae ee 83 bf 41 46 4c 0b da a9 4f ef 94 06 f8 2a f8 f4 c9 7b a1 b0 4d 62 52 f2 d9 1a 99 65 bb 40 ef 6d c6 10 7f e2 b5 1d 17 fb e1 fe 4a 0a 67 61 97 2a 82 58 5e 5d 64 16 10 df 87 df 45 9e 53 ec eb a9 32 9f a8 d8 83 a7 3c d6 23 fe 3d f7 9c 83 aa 4c d5 c2 82 18 d2 39 df 97 51 62 73 6f ea 52 b6 d6 4f 60 8c 27 09 98 62 8c 3d 4a 07 6d 28 b1 c4 a9 07 9d e1 26 19 45 be 54 d0 e8 a7 e1 f7 d7 c3 23 29 b7 db df 3b 62 57 46 11 47 9b 33 e6 b5 63 7b dc 47 26 02 ef a3 13 41 02 22 88 f9 ae 2e c5 c9 17 7b 11 9c 13 e3 68 71 3a bc 53 fd 8f 3a ba 20 06 b8 5d 53 b0 ef 61 27 29 b6 e3 f4 89 80 90 d6 cb 9f 8a 53 32 75 0a fa 8a ae 75 a6 2a e9 52 06 3f c0 11 52 2a f5 b7 26 ae 90 9f f7 fe b5 63 5c 69 d1 11 b9 eb 5f 30 77 67 17 73 cb 9a db cc a7 bc 24 d9 1b dd d7 01 bc a2 5d 65 ce 89 fc c4 60 f1 58 cf 43 d7 be 2b de 46 04 6d df 0a 4c 47 2c 71 0b d6 de 13 1c 54 53 95 99 ca dd 47 9d 1b d0 6c 5f a4 a9 0a 40 60 2a 49 39 e8 39 70 63 57 99 d0 8f 7a e7 4e 67 23 61 c1 b7 dc 85 49 90 7a 99 d1 74 cb 15 7c d2 53 28 54 58 d7 8a a0 79 b3 f1 ed 54 63 41 fd 90 9a 87 6d 4f 82 ff f3 a9 83 59 ef 16 0d 04 24 9b 4a 0f 68 c9 4c 83 27 85 1a ff 0d 45 7e b7 4a af 0b 86 89 c8 ca d8 a1 31 f5 6c 9d 53 8d d0 02 d4 74 b0 4a 7f 03 b8 ee 1d 97 f5 e6 2a 6b ba d9 99 cb d0 ce be 25 6e 0f 34 08 d6 bb 28 f6 2f a9 15 a4 84 05 98 8c a2 c0 83 8b 11 77 6b d9 c0 4a 3d d7 0f f7 74 b5 4b 2f 5d dd 15 e5 6b 94 0e 7d d8 cc 0c c4 20 7a e4 9f 10 95 c9 db 86 88 24 bb d2 4b 49 68 9c a9 b8 52 64 58 0f 65 c2 d2 0d fd 1a d2 10 e5 13 01 c9 ac 63 53 ad c0 9e e6 aa e8 8b a1 57 8f 58 f6 ff 37 28 9e b7 3b 72 5f c2
SAE: Peer commit-scalar - hexdump(len=32): df 3c 95 c7 2c e8 b1 07 a4 7d e4 32 31 87 91 28 ef 44 8b 18 ce d8 d0 07 5b 41 5e 00 d8 d1 28 bd
SAE: num_passwords: 16
SAE: u_coefficients[i] - hexdump(len=32): 7b 82 c8 14 ec da af 50 c8 e8 26 26 9a 48 dd f3 50 67 90 cc 8f 54 3d 87 84 e8 cd 80 b6 99 1a bd
SAE: u_coefficients[i] - hexdump(len=32): 62 10 18 80 10 8f 37 db 19 fa 1e f1 5a fa 6e 9e ec be 52 7c 0c f5 b4 24 bc 09 fc aa b0 87 cd 1b
SAE: u_coefficients[i] - hexdump(len=32): 0a b7 5a 83 f6 fc 20 aa 63 88 ef 5f 72 63 c2 0f b9 00 5c 3e 21 a6 f2 f0 e4 76 5a 3d 40 90 7f a8
SAE: u_coefficients[i] - hexdump(len=32): 2a 7b 26 42 ee 7f 33 dc 93 be 87 fd 64 f4 3d dd fb c6 69 0b 2c 7c 4b 15 0d eb db aa d9 3b af c9
SAE: u_coefficients[i] - hexdump(len=32): e8 9b b1 b1 d3 06 f8 6d 6c 64 6b 31 bb 5c fb 67 0e a4 42 31 bf 66 15 c0 2b 8f f5 34 f3 fa 8a b6
SAE: u_coefficients[i] - hexdump(len=32): 01 94 ba 16 b6 fa e9 c2 dc 92 29 21 b6 ad f0 ac 49 b8 55 7b e4 95 5c 25 24 76 e3 b0 c5 54 7c b4
SAE: u_coefficients[i] - hexdump(len=32): 0f db 94 b2 eb 44 31 ad ad b3 75 49 fd b3 46 cb aa 06 7c 16 9e 6b ec 6b 98 c5 45 c9 3d c1 50 70
SAE: u_coefficients[i] - hexdump(len=32): 60 6c 41 3a 73 b3 8b ca 49 dd 45 ef 6f b5 b9 6b 31 7b 99 4b d8 7f da 76 2c d1 93 9c 4d 58 64 49
SAE: u_coefficients[i] - hexdump(len=32): ec 08 32 70 fe 5d 78 f9 e0 d7 a0 de 61 6f ee 94 b7 9d 41 05 53 80 84 2c 19 47 e5 a3 dd 78 ca de
SAE: u_coefficients[i] - hexdump(len=32): 14 5f cb e2 f8 08 41 d0 09 3b 4b 4d 96 35 53 3c 62 e7 4b 3d 9a f1 ce 98 1f 44 69 79 51 9d fa 74
SAE: u_coefficients[i] - hexdump(len=32): bc 37 77 7e 50 dc fc e8 54 90 7d 46 14 be 74 9d ab e0 cb 6e 20 9e fc 6a 25 b2 e9 3d ce 2c 8f e4
SAE: u_coefficients[i] - hexdump(len=32): 8f 5d 4a f8 8a b5 d6 44 e9 de ff 89 52 4b 5e 34 b6 13 66 f1 49 29 dd a3 83 ee a4 94 65 44 16 46
SAE: u_coefficients[i] - hexdump(len=32): 98 0b 88 41 69 ea 5b 7a de aa 2e c2 23 e5 60 2a ff 6e 73 a7 bd bd b6 48 e2 d9 3c 78 83 0e 95 fc
SAE: u_coefficients[i] - hexdump(len=32): 4a 59 f7 d3 38 b8 86 d8 fc 94 2f bd e9 38 70 95 0a cc 2c ed c4 79 b0 a3 40 1c 31 2b 75 78 dd e4
SAE: u_coefficients[i] - hexdump(len=32): f5 d2 f2 ea d3 aa d7 0f f9 c4 ff 42 f9 ab 7a 30 b5 0d ef f4 37 31 50 90 b2 71 3b 91 10 ff 4e d6
SAE: u_coefficients[i] - hexdump(len=32): e2 91 dd 8f b6 40 8e 17 09 04 f2 cc bf 8d 80 33 5a 06 42 16 5a c3 cf ee 20 7a ae ee 83 bf 41 46
SAE: v_coefficients[i] - hexdump(len=32): 4c 0b da a9 4f ef 94 06 f8 2a f8 f4 c9 7b a1 b0 4d 62 52 f2 d9 1a 99 65 bb 40 ef 6d c6 10 7f e2
SAE: v_coefficients[i] - hexdump(len=32): b5 1d 17 fb e1 fe 4a 0a 67 61 97 2a 82 58 5e 5d 64 16 10 df 87 df 45 9e 53 ec eb a9 32 9f a8 d8
SAE: v_coefficients[i] - hexdump(len=32): 83 a7 3c d6 23 fe 3d f7 9c 83 aa 4c d5 c2 82 18 d2 39 df 97 51 62 73 6f ea 52 b6 d6 4f 60 8c 27
SAE: v_coefficients[i] - hexdump(len=32): 09 98 62 8c 3d 4a 07 6d 28 b1 c4 a9 07 9d e1 26 19 45 be 54 d0 e8 a7 e1 f7 d7 c3 23 29 b7 db df
SAE: v_coefficients[i] - hexdump(len=32): 3b 62 57 46 11 47 9b 33 e6 b5 63 7b dc 47 26 02 ef a3 13 41 02 22 88 f9 ae 2e c5 c9 17 7b 11 9c
SAE: v_coefficients[i] - hexdump(len=32): 13 e3 68 71 3a bc 53 fd 8f 3a ba 20 06 b8 5d 53 b0 ef 61 27 29 b6 e3 f4 89 80 90 d6 cb 9f 8a 53
SAE: v_coefficients[i] - hexdump(len=32): 32 75 0a fa 8a ae 75 a6 2a e9 52 06 3f c0 11 52 2a f5 b7 26 ae 90 9f f7 fe b5 63 5c 69 d1 11 b9
SAE: v_coefficients[i] - hexdump(len=32): eb 5f 30 77 67 17 73 cb 9a db cc a7 bc 24 d9 1b dd d7 01 bc a2 5d 65 ce 89 fc c4 60 f1 58 cf 43
SAE: v_coefficients[i] - hexdump(len=32): d7 be 2b de 46 04 6d df 0a 4c 47 2c 71 0b d6 de 13 1c 54 53 95 99 ca dd 47 9d 1b d0 6c 5f a4 a9
SAE: v_coefficients[i] - hexdump(len=32): 0a 40 60 2a 49 39 e8 39 70 63 57 99 d0 8f 7a e7 4e 67 23 61 c1 b7 dc 85 49 90 7a 99 d1 74 cb 15
SAE: v_coefficients[i] - hexdump(len=32): 7c d2 53 28 54 58 d7 8a a0 79 b3 f1 ed 54 63 41 fd 90 9a 87 6d 4f 82 ff f3 a9 83 59 ef 16 0d 04
SAE: v_coefficients[i] - hexdump(len=32): 24 9b 4a 0f 68 c9 4c 83 27 85 1a ff 0d 45 7e b7 4a af 0b 86 89 c8 ca d8 a1 31 f5 6c 9d 53 8d d0
SAE: v_coefficients[i] - hexdump(len=32): 02 d4 74 b0 4a 7f 03 b8 ee 1d 97 f5 e6 2a 6b ba d9 99 cb d0 ce be 25 6e 0f 34 08 d6 bb 28 f6 2f
SAE: v_coefficients[i] - hexdump(len=32): a9 15 a4 84 05 98 8c a2 c0 83 8b 11 77 6b d9 c0 4a 3d d7 0f f7 74 b5 4b 2f 5d dd 15 e5 6b 94 0e
SAE: v_coefficients[i] - hexdump(len=32): 7d d8 cc 0c c4 20 7a e4 9f 10 95 c9 db 86 88 24 bb d2 4b 49 68 9c a9 b8 52 64 58 0f 65 c2 d2 0d
SAE: v_coefficients[i] - hexdump(len=32): fd 1a d2 10 e5 13 01 c9 ac 63 53 ad c0 9e e6 aa e8 8b a1 57 8f 58 f6 ff 37 28 9e b7 3b 72 5f c2
SAE: hash - hexdump(len=32): 81 10 f5 c7 b9 4b 41 a5 92 0c fa 58 91 f0 87 be e9 a2 26 f2 e2 70 03 d4 4a 60 fd 77 e4 5a 44 4c
SAE: encoded_point[0] - hexdump(len=32): 50 f2 0f cd 48 48 73 53 08 56 3f d6 c4 c0 b6 4e 65 db d3 34 ab ef 0f 76 6b c6 e7 7d c3 eb 41 cb
SAE: encoded_point[1] - hexdump(len=32): 68 bd 62 33 01 4b e8 f0 9c d9 27 d1 9a 7d 0a cd 79 d5 22 7b c0 25 02 f3 3c 92 0c a9 f7 fd ee 49
SAE: k - hexdump(len=32): 5d 9e f4 73 af c7 ae 40 af 94 6c b7 a2 aa b6 fd a8 77 6d 21 fe 1b 67 5a 39 8c cb 21 48 17 80 1c
SAE: Derive keys - H2E=0 AKMP=0x400 = 000fac08 (SAE)
SAE: salt for keyseed derivation - hexdump(len=32): 00 00 00 00 00 00 00 00 00 00 00 00 00 00 00 00 00 00 00 00 00 00 00 00 00 00 00 00 00 00 00 00
SAE: keyseed - hexdump(len=32): 46 28 bd 0a 5b 04 4c 1d f6 d9 2e ab da 5b 66 ac d8 e7 a5 57 7e 0c 9a 6f 88 ea 0d a8 6d 84 f4 85
SAE: PMKID - hexdump(len=16): f1 71 7b 7e 4e 2b 60 29 9c 85 f5 bd 04 08 74 75
SAE: KCK - hexdump(len=32): c9 59 cb f3 0c 2f 9e 32 d5 93 3f 7b 1f f0 47 97 5a 48 b7 01 85 c6 c0 80 d3 6c 98 11 d7 fe 8b f2
SAE: PMK - hexdump(len=32): e9 83 a4 6b 36 07 4d 96 a1 a7 5c 09 da c4 21 d1 db 97 27 28 eb 0d 9d 0c 10 c0 74 e5 7c 30 3f 80
wlan2: Automatic auth_alg selection: 0x1
wlan2: Using SAE auth_alg
RSN: PMKSA cache search - network_ctx=0x60650e181040 try_opportunistic=0 akmp=0x0
RSN: Search for BSSID 02:00:00:00:00:00
RSN: No PMKSA cache entry found
wlan2: RSN: using IEEE 802.11i/D9.0
wlan2: WPA: Selected cipher suites: group 16 pairwise 16 key_mgmt 1024 proto 2
wlan2: WPA: Selected mgmt group cipher 32
wlan2: WPA: clearing AP WPA IE
WPA: set AP RSN IE - hexdump(len=22): 30 14 01 00 00 0f ac 04 01 00 00 0f ac 04 01 00 00 0f ac 08 c0 00
wlan2: WPA: clearing AP RSNXE
wlan2: RSN: Clearing AP RSNE Override element
wlan2: RSN: Clearing AP RSNE Override 2 element
wlan2: RSN: Clearing AP RSNXE Override element
wlan2: WPA: AP group 0x10 network profile group 0x10; available group 0x10
wlan2: WPA: using GTK CCMP
wlan2: WPA: AP pairwise 0x10 network profile pairwise 0x10; available pairwise 0x10
wlan2: WPA: using PTK CCMP
wlan2: WPA: AP key_mgmt 0x400 network profile key_mgmt 0x400; available key_mgmt 0x400
wlan2: RSN: using KEY_MGMT SAE
wlan2: WPA: AP mgmt_group_cipher 0x20 network profile mgmt_group_cipher 0x0; available mgmt_group_cipher 0x20
wlan2: WPA: using MGMT group cipher AES-128-CMAC
WPA: Set own WPA IE default - hexdump(len=28): 30 1a 01 00 00 0f ac 04 01 00 00 0f ac 04 01 00 00 0f ac 08 c0 00 00 00 00 0f ac 06
WPA: Leave previously set WPA IE default - hexdump(len=28): 30 1a 01 00 00 0f ac 04 01 00 00 0f ac 04 01 00 00 0f ac 08 c0 00 00 00 00 0f ac 06
RSN: Set own RSNXE default - hexdump(len=0):
wlan2: SME: Selected AP supports MFP: require MFP
RRM: Determining whether RRM can be used - device support: 0x10
RRM: No RRM in network
Added supported operating classes IE - hexdump(len=31): 3b 1d 51 51 53 54 73 74 75 76 77 78 79 7a 7b 7c 7d 7e 7f 80 81 83 84 85 86 89 00 82 80 87 85
RSN: PMKSA cache search - network_ctx=0x60650e181040 try_opportunistic=0 akmp=0x400
RSN: Search for BSSID 02:00:00:00:00:00
RSN: No PMKSA cache entry found
EAPOL: External notification - EAP success=0
EAPOL: External notification - EAP fail=0
EAPOL: External notification - portControl=Auto
wlan2: Cancelling scan request
wlan2: SME: Trying to authenticate with 02:00:00:00:00:00 (SSID='testnetwork' freq=2412 MHz)
EAPOL: External notification - portValid=0
wlan2: State: AUTHENTICATING -> AUTHENTICATING
wlan2: Determining shared radio frequencies (max len 1)
wlan2: Shared frequencies (len=0): completed iteration
nl80211: Authenticate (ifindex=5)
  * bssid=02:00:00:00:00:00
  * freq=2412
  * SSID=testnetwork
  * IEs - hexdump(len=0): [NULL]
  * auth_data - hexdump(len=38): 02 00 00 00 01 00 4b b4 76 d7 4f 5b cf e2 a7 be 43 76 28 64 9e 17 f9 91 c4 8f de 9d 98 9d 05 98 2f 09 b1 b1 ec 08
  * Auth Type 4
nl80211: Authentication request send successfully
nl80211: Event message available
nl80211: Ignored event 60 (NL80211_CMD_FRAME_TX_STATUS) for foreign interface (ifindex 4 wdev 0x0 wiphy -1)
nl80211: Event message available
nl80211: Drv Event 37 (NL80211_CMD_AUTHENTICATE) received for wlan2
nl80211: MLME event 37 (NL80211_CMD_AUTHENTICATE) on wlan2(02:00:00:00:01:00) A1=02:00:00:00:01:00 A2=02:00:00:00:00:00 on link_id=-1
nl80211: MLME event frame - hexdump(len=64): b0 00 3a 01 02 00 00 00 01 00 02 00 00 00 00 00 02 00 00 00 00 00 00 02 03 00 02 00 00 00 01 00 46 e8 c4 45 ab a1 63 1a 32 6f 8b 42 b4 93 d5 eb 3f b8 26 f6 0c b6 c4 b2 e1 20 6e 1c 2a 40 02 50
nl80211: Authenticate event
wlan2: Event AUTH (10) received
wlan2: SME: Authentication response: peer=02:00:00:00:00:00 auth_type=3 auth_transaction=2 status_code=0
SME: Authentication response IEs - hexdump(len=34): 01 00 46 e8 c4 45 ab a1 63 1a 32 6f 8b 42 b4 93 d5 eb 3f b8 26 f6 0c b6 c4 b2 e1 20 6e 1c 2a 40 02 50
wlan2: SME: SAE authentication transaction 2 status code 0
wlan2: SME SAE confirm
SAE: peer-send-confirm 1
SME: SAE completed - setting PMK for 4-way handshake
WPA: Set PMK based on external data - hexdump(len=32): e9 83 a4 6b 36 07 4d 96 a1 a7 5c 09 da c4 21 d1 db 97 27 28 eb 0d 9d 0c 10 c0 74 e5 7c 30 3f 80
RSN: Added PMKSA cache entry for 02:00:00:00:00:00 spa=02:00:00:00:01:00 network_ctx=0x60650e181040 akmp=0x400
wlan2: PMKSA-CACHE-ADDED 02:00:00:00:00:00 0
nl80211: Add PMKID for 02:00:00:00:00:00
nl80211: NL80211_CMD_SET_PMKSA with skip_pmk=false pmk_len=32
nl80211: NL80211_CMD_SET_PMKSA failed: -95 (Operation not supported)
SME: Association Request IEs - hexdump(len=69): 30 1a 01 00 00 0f ac 04 01 00 00 0f ac 04 01 00 00 0f ac 08 c0 00 00 00 00 0f ac 06 7f 08 04 00 4a 02 01 00 00 40 3b 1d 51 51 53 54 73 74 75 76 77 78 79 7a 7b 7c 7d 7e 7f 80 81 83 84 85 86 89 00 82 80 87 85
wlan2: Trying to associate with 02:00:00:00:00:00 (SSID='testnetwork' freq=2412 MHz)
wlan2: State: AUTHENTICATING -> ASSOCIATING
nl80211: Set wlan2 operstate 0->0 (DORMANT)
netlink: Operstate: ifindex=5 linkmode=-1 (no change), operstate=5 (IF_OPER_DORMANT)
wlan2: Determining shared radio frequencies (max len 1)
wlan2: Shared frequencies (len=0): completed iteration
P2P: Add operating class 81
P2P: Channels - hexdump(len=11): 01 02 03 04 05 06 07 08 09 0a 0b
P2P: Add operating class 115
P2P: Channels - hexdump(len=4): 24 28 2c 30
P2P: Add operating class 116
P2P: Channels - hexdump(len=2): 24 2c
P2P: Add operating class 117
P2P: Channels - hexdump(len=2): 28 30
P2P: Add operating class 124
P2P: Channels - hexdump(len=4): 95 99 9d a1
P2P: Add operating class 125
P2P: Channels - hexdump(len=5): 95 99 9d a1 a5
P2P: Add operating class 126
P2P: Channels - hexdump(len=2): 95 9d
P2P: Add operating class 127
P2P: Channels - hexdump(len=2): 99 a1
P2P: Add operating class 128
P2P: Channels - hexdump(len=8): 24 28 2c 30 95 99 9d a1
P2P: Add operating class 130
P2P: Channels - hexdump(len=9): 24 28 2c 30 95 99 9d a1 a5
P2P: Update channel list
P2P: channels: 81:1,2,3,4,5,6,7,8,9,10,11 115:36,40,44,48 116:36,44 117:40,48 124:149,153,157,161 125:149,153,157,161,165 126:149,157 127:153,161 128:36,40,44,48,149,153,157,161 130:36,40,44,48,149,153,157,161,165
P2P: cli_channels:
WPA: set own WPA/RSN IE - hexdump(len=28): 30 1a 01 00 00 0f ac 04 01 00 00 0f ac 04 01 00 00 0f ac 08 c0 00 00 00 00 0f ac 06
wlan2: RSN: clearing own RSNXE
nl80211: Associate (ifindex=5)
  * bssid=02:00:00:00:00:00
  * freq=2412
  * SSID=testnetwork
  * IEs - hexdump(len=69): 30 1a 01 00 00 0f ac 04 01 00 00 0f ac 04 01 00 00 0f ac 08 c0 00 00 00 00 0f ac 06 7f 08 04 00 4a 02 01 00 00 40 3b 1d 51 51 53 54 73 74 75 76 77 78 79 7a 7b 7c 7d 7e 7f 80 81 83 84 85 86 89 00 82 80 87 85
  * WPA Versions 0x4
  * pairwise=0xfac04
  * group=0xfac04
  * akm[0]=0xfac08
nl80211: Association request send successfully
nl80211: Event message available
nl80211: Ignored event 60 (NL80211_CMD_FRAME_TX_STATUS) for foreign interface (ifindex 4 wdev 0x0 wiphy -1)
nl80211: Event message available
nl80211: Drv Event 38 (NL80211_CMD_ASSOCIATE) received for wlan2
nl80211: MLME event 38 (NL80211_CMD_ASSOCIATE) on wlan2(02:00:00:00:01:00) A1=02:00:00:00:01:00 A2=02:00:00:00:00:00 on link_id=-1
nl80211: MLME event frame - hexdump(len=56): 10 00 3a 01 02 00 00 00 01 00 02 00 00 00 00 00 02 00 00 00 00 00 10 02 11 04 00 00 01 c0 01 08 82 84 8b 96 0c 12 18 24 32 04 30 48 60 6c 7f 08 04 00 00 00 00 00 00 40
nl80211: Associate event
nl80211: Associated on 2412 MHz
nl80211: Associated with 02:00:00:00:00:00
nl80211: Set drv->ssid based on scan res info to 'testnetwork'
wlan2: Event ASSOC (0) received
wlan2: Association info event
req_ies - hexdump(len=98): 00 0b 74 65 73 74 6e 65 74 77 6f 72 6b 01 08 02 04 0b 16 0c 12 18 24 32 04 30 48 60 6c 30 1a 01 00 00 0f ac 04 01 00 00 0f ac 04 01 00 00 0f ac 08 c0 00 00 00 00 0f ac 06 7f 08 04 00 4a 02 01 00 00 40 3b 1d 51 51 53 54 73 74 75 76 77 78 79 7a 7b 7c 7d 7e 7f 80 81 83 84 85 86 89 00 82 80 87 85
resp_ies - hexdump(len=26): 01 08 82 84 8b 96 0c 12 18 24 32 04 30 48 60 6c 7f 08 04 00 00 00 00 00 00 40
wlan2: freq=2412 MHz
WPA: set own WPA/RSN IE - hexdump(len=28): 30 1a 01 00 00 0f ac 04 01 00 00 0f ac 04 01 00 00 0f ac 08 c0 00 00 00 00 0f ac 06
wlan2: RSN: PMKID from assoc IE not found from PMKSA cache
wlan2: RSN: clearing own RSNXE
wlan2: State: ASSOCIATING -> ASSOCIATED
nl80211: Set wlan2 operstate 0->0 (DORMANT)
netlink: Operstate: ifindex=5 linkmode=-1 (no change), operstate=5 (IF_OPER_DORMANT)
wlan2: Determining shared radio frequencies (max len 1)
wlan2: Shared frequencies (len=1): completed iteration
wlan2: freq[0]: 2412, flags=0x1
P2P: Add operating class 81
P2P: Channels - hexdump(len=11): 01 02 03 04 05 06 07 08 09 0a 0b
P2P: Add operating class 115
P2P: Channels - hexdump(len=4): 24 28 2c 30
P2P: Add operating class 116
P2P: Channels - hexdump(len=2): 24 2c
P2P: Add operating class 117
P2P: Channels - hexdump(len=2): 28 30
P2P: Add operating class 124
P2P: Channels - hexdump(len=4): 95 99 9d a1
P2P: Add operating class 125
P2P: Channels - hexdump(len=5): 95 99 9d a1 a5
P2P: Add operating class 126
P2P: Channels - hexdump(len=2): 95 9d
P2P: Add operating class 127
P2P: Channels - hexdump(len=2): 99 a1
P2P: Add operating class 128
P2P: Channels - hexdump(len=8): 24 28 2c 30 95 99 9d a1
P2P: Add operating class 130
P2P: Channels - hexdump(len=9): 24 28 2c 30 95 99 9d a1 a5
P2P: Update channel list
P2P: channels: 81:1,2,3,4,5,6,7,8,9,10,11 115:36,40,44,48 116:36,44 117:40,48 124:149,153,157,161 125:149,153,157,161,165 126:149,157 127:153,161 128:36,40,44,48,149,153,157,161 130:36,40,44,48,149,153,157,161,165
P2P: cli_channels:
wlan2: Associated to a new BSS: BSSID=02:00:00:00:00:00
wlan2: Associated with 02:00:00:00:00:00
wlan2: WPA: Association event - clear replay counter
wlan2: WPA: Clear old PTK
TDLS: Remove peers on association
EAPOL: External notification - portEnabled=0
EAPOL: External notification - portValid=0
EAPOL: External notification - EAP success=0
EAPOL: External notification - portEnabled=1
EAPOL: SUPP_PAE entering state CONNECTING
EAPOL: enable timer tick
EAPOL: SUPP_BE entering state IDLE
wlan2: Setting authentication timeout: 10 sec 0 usec
wlan2: Cancelling scan request
WMM AC: No WMM IE
wlan2: CTRL-EVENT-SUBNET-STATUS-UPDATE status=0
RTM_NEWLINK: ifi_index=5 ifname=wlan2 wext ifi_family=0 ifi_flags=0x11003 ([UP][LOWER_UP])
RTM_NEWLINK: ifi_index=5 ifname=wlan2 operstate=5 linkmode=1 ifi_family=0 ifi_flags=0x11003 ([UP][LOWER_UP])
RTM_NEWLINK: ifi_index=5 ifname=wlan2 wext ifi_family=0 ifi_flags=0x11003 ([UP][LOWER_UP])
RTM_NEWLINK: ifi_index=5 ifname=wlan2 wext ifi_family=0 ifi_flags=0x11003 ([UP][LOWER_UP])
nl80211: Event message available
nl80211: Drv Event 46 (NL80211_CMD_CONNECT) received for wlan2
nl80211: Ignore connect event (cmd=46) when using userspace SME
nl80211: Event message available
nl80211: Ignored event 139 (NL80211_CMD_CONTROL_PORT_FRAME_TX_STATUS) for foreign interface (ifindex 4 wdev 0x0 wiphy -1)
nl80211: Event message available
nl80211: BSS Event 129 (NL80211_CMD_CONTROL_PORT_FRAME) received for wlan2
wlan2: Event EAPOL_RX (23) received
wlan2: RX EAPOL from 02:00:00:00:00:00 (encrypted=0)
RX EAPOL - hexdump(len=121): 02 03 00 75 02 00 88 00 10 00 00 00 00 00 00 00 01 44 f4 fe 6a 60 75 cd 67 5a ab fd ae 04 a9 c5 49 74 91 2b 76 e1 e6 25 f6 02 af e2 02 bf 84 5e ee 00 00 00 00 00 00 00 00 00 00 00 00 00 00 00 00 00 00 00 00 00 00 00 00 00 00 00 00 00 00 00 00 00 00 00 00 00 00 00 00 00 00 00 00 00 00 00 00 00 16 dd 14 00 0f ac 04 f1 71 7b 7e 4e 2b 60 29 9c 85 f5 bd 04 08 74 75
wlan2: Setting authentication timeout: 10 sec 0 usec
wlan2: IEEE 802.1X RX: version=2 type=3 length=117
WPA: RX EAPOL-Key - hexdump(len=121): 02 03 00 75 02 00 88 00 10 00 00 00 00 00 00 00 01 44 f4 fe 6a 60 75 cd 67 5a ab fd ae 04 a9 c5 49 74 91 2b 76 e1 e6 25 f6 02 af e2 02 bf 84 5e ee 00 00 00 00 00 00 00 00 00 00 00 00 00 00 00 00 00 00 00 00 00 00 00 00 00 00 00 00 00 00 00 00 00 00 00 00 00 00 00 00 00 00 00 00 00 00 00 00 00 16 dd 14 00 0f ac 04 f1 71 7b 7e 4e 2b 60 29 9c 85 f5 bd 04 08 74 75
wlan2:   EAPOL-Key type=2
wlan2:   key_info 0x88 (ver=0 keyidx=0 rsvd=0 Pairwise Ack)
wlan2:   key_length=16 key_data_length=22
  replay_counter - hexdump(len=8): 00 00 00 00 00 00 00 01
  key_nonce - hexdump(len=32): 44 f4 fe 6a 60 75 cd 67 5a ab fd ae 04 a9 c5 49 74 91 2b 76 e1 e6 25 f6 02 af e2 02 bf 84 5e ee
  key_iv - hexdump(len=16): 00 00 00 00 00 00 00 00 00 00 00 00 00 00 00 00
  key_rsc - hexdump(len=8): 00 00 00 00 00 00 00 00
  key_id (reserved) - hexdump(len=8): 00 00 00 00 00 00 00 00
  key_mic - hexdump(len=16): 00 00 00 00 00 00 00 00 00 00 00 00 00 00 00 00
wlan2: WPA: RX message 1 of 4-Way Handshake from 02:00:00:00:00:00 (ver=0)
RSN: msg 1/4 key data - hexdump(len=22): dd 14 00 0f ac 04 f1 71 7b 7e 4e 2b 60 29 9c 85 f5 bd 04 08 74 75
WPA: PMKID in EAPOL-Key - hexdump(len=22): dd 14 00 0f ac 04 f1 71 7b 7e 4e 2b 60 29 9c 85 f5 bd 04 08 74 75
RSN: PMKID from Authenticator - hexdump(len=16): f1 71 7b 7e 4e 2b 60 29 9c 85 f5 bd 04 08 74 75
RSN: matched PMKID - hexdump(len=16): f1 71 7b 7e 4e 2b 60 29 9c 85 f5 bd 04 08 74 75
WPA: Set PMK based on current PMKSA - hexdump(len=32): e9 83 a4 6b 36 07 4d 96 a1 a7 5c 09 da c4 21 d1 db 97 27 28 eb 0d 9d 0c 10 c0 74 e5 7c 30 3f 80
RSN: PMK from PMKSA cache - hexdump(len=32): e9 83 a4 6b 36 07 4d 96 a1 a7 5c 09 da c4 21 d1 db 97 27 28 eb 0d 9d 0c 10 c0 74 e5 7c 30 3f 80
EAPOL: PMKSA caching was used - skip EAPOL
EAPOL: SUPP_PAE entering state AUTHENTICATING
EAPOL: SUPP_BE entering state SUCCESS
EAP: EAP entering state DISABLED
EAPOL: SUPP_BE entering state IDLE
wlan2: State: ASSOCIATED -> 4WAY_HANDSHAKE
wlan2: Determining shared radio frequencies (max len 1)
wlan2: Shared frequencies (len=1): completed iteration
wlan2: freq[0]: 2412, flags=0x1
P2P: Add operating class 81
P2P: Channels - hexdump(len=11): 01 02 03 04 05 06 07 08 09 0a 0b
P2P: Add operating class 115
P2P: Channels - hexdump(len=4): 24 28 2c 30
P2P: Add operating class 116
P2P: Channels - hexdump(len=2): 24 2c
P2P: Add operating class 117
P2P: Channels - hexdump(len=2): 28 30
P2P: Add operating class 124
P2P: Channels - hexdump(len=4): 95 99 9d a1
P2P: Add operating class 125
P2P: Channels - hexdump(len=5): 95 99 9d a1 a5
P2P: Add operating class 126
P2P: Channels - hexdump(len=2): 95 9d
P2P: Add operating class 127
P2P: Channels - hexdump(len=2): 99 a1
P2P: Add operating class 128
P2P: Channels - hexdump(len=8): 24 28 2c 30 95 99 9d a1
P2P: Add operating class 130
P2P: Channels - hexdump(len=9): 24 28 2c 30 95 99 9d a1 a5
P2P: Update channel list
P2P: channels: 81:1,2,3,4,5,6,7,8,9,10,11 115:36,40,44,48 116:36,44 117:40,48 124:149,153,157,161 125:149,153,157,161,165 126:149,157 127:153,161 128:36,40,44,48,149,153,157,161 130:36,40,44,48,149,153,157,161,165
P2P: cli_channels:
Get randomness: len=32 entropy=1
WPA: Renewed SNonce - hexdump(len=32): a4 91 9f fc fb ae ae 2c 5e af fa c0 df 17 5b e8 4e 75 8d 7b 9a 0f 17 0c d0 cc 0d 1d 49 4b a5 ad
WPA: PTK derivation using PRF(SHA256)
WPA: PTK derivation - A1=02:00:00:00:01:00 A2=02:00:00:00:00:00
WPA: Nonce1 - hexdump(len=32): a4 91 9f fc fb ae ae 2c 5e af fa c0 df 17 5b e8 4e 75 8d 7b 9a 0f 17 0c d0 cc 0d 1d 49 4b a5 ad
WPA: Nonce2 - hexdump(len=32): 44 f4 fe 6a 60 75 cd 67 5a ab fd ae 04 a9 c5 49 74 91 2b 76 e1 e6 25 f6 02 af e2 02 bf 84 5e ee
WPA: PMK - hexdump(len=32): e9 83 a4 6b 36 07 4d 96 a1 a7 5c 09 da c4 21 d1 db 97 27 28 eb 0d 9d 0c 10 c0 74 e5 7c 30 3f 80
WPA: PTK - hexdump(len=48): 9b 54 69 2b 50 86 10 97 af 0d 6a 1d 57 ac cc 7d 79 25 ad be 4f 57 a7 34 b9 22 9e 11 82 a1 ee 33 a2 45 1b 27 8e 08 ba 36 96 49 2c 8a 67 02 f1 c5
WPA: KCK - hexdump(len=16): 9b 54 69 2b 50 86 10 97 af 0d 6a 1d 57 ac cc 7d
WPA: KEK - hexdump(len=16): 79 25 ad be 4f 57 a7 34 b9 22 9e 11 82 a1 ee 33
WPA: TK - hexdump(len=16): a2 45 1b 27 8e 08 ba 36 96 49 2c 8a 67 02 f1 c5
WPA: WPA IE for msg 2/4 - hexdump(len=28): 30 1a 01 00 00 0f ac 04 01 00 00 0f ac 04 01 00 00 0f ac 08 c0 00 00 00 00 0f ac 06
WPA: Replay Counter - hexdump(len=8): 00 00 00 00 00 00 00 01
wlan2: WPA: Sending EAPOL-Key 2/4
WPA: Send EAPOL-Key frame to 02:00:00:00:00:00 ver=0 mic_len=16 key_mgmt=0x400
WPA: EAPOL-Key MIC using AES-CMAC (AKM-defined - SAE)
WPA: KCK - hexdump(len=16): 9b 54 69 2b 50 86 10 97 af 0d 6a 1d 57 ac cc 7d
WPA: Derived Key MIC - hexdump(len=16): 31 f5 8c 8a a9 8c df 31 79 e2 f6 04 7d b4 a5 33
WPA: TX EAPOL-Key - hexdump(len=127): 01 03 00 7b 02 01 08 00 00 00 00 00 00 00 00 00 01 a4 91 9f fc fb ae ae 2c 5e af fa c0 df 17 5b e8 4e 75 8d 7b 9a 0f 17 0c d0 cc 0d 1d 49 4b a5 ad 00 00 00 00 00 00 00 00 00 00 00 00 00 00 00 00 00 00 00 00 00 00 00 00 00 00 00 00 00 00 00 00 31 f5 8c 8a a9 8c df 31 79 e2 f6 04 7d b4 a5 33 00 1c 30 1a 01 00 00 0f ac 04 01 00 00 0f ac 04 01 00 00 0f ac 08 c0 00 00 00 00 0f ac 06
nl80211: Send over control port dest=02:00:00:00:00:00 proto=0x888e len=127 no_encrypt=1
nl80211: tx_control_port cookie=0x5
nl80211: Event message available
nl80211: Drv Event 139 (NL80211_CMD_CONTROL_PORT_FRAME_TX_STATUS) received for wlan2
nl80211: Control port TX status (ack=1), cookie=5
wlan2: Event EAPOL_TX_STATUS (37) received
nl80211: Event message available
nl80211: Ignored event 139 (NL80211_CMD_CONTROL_PORT_FRAME_TX_STATUS) for foreign interface (ifindex 4 wdev 0x0 wiphy -1)
nl80211: Event message available
nl80211: BSS Event 129 (NL80211_CMD_CONTROL_PORT_FRAME) received for wlan2
wlan2: Event EAPOL_RX (23) received
wlan2: RX EAPOL from 02:00:00:00:00:00 (encrypted=0)
RX EAPOL - hexdump(len=187): 02 03 00 b7 02 13 c8 00 10 00 00 00 00 00 00 00 02 44 f4 fe 6a 60 75 cd 67 5a ab fd ae 04 a9 c5 49 74 91 2b 76 e1 e6 25 f6 02 af e2 02 bf 84 5e ee 00 00 00 00 00 00 00 00 00 00 00 00 00 00 00 00 00 00 00 00 00 00 00 00 00 00 00 00 00 00 00 00 f7 93 7a 54 b2 e3 ef c3 3b 52 4f 66 9b 90 58 c2 00 58 f2 3d da d2 b2 1a 3a 8d ed 54 2d 72 38 be d6 c6 6a 0d 83 63 0a 46 9a 80 c2 df 5f 9b f1 30 17 a4 df 1f ad 6b 97 81 60 04 c3 4d 8f 90 2c ea 46 9e 0b 7e c6 e6 36 45 a5 26 27 38 ab 05 87 21 27 1f 7b 9d 94 9e 1a c8 a0 07 d9 36 27 38 57 f1 d1 0f ad 23 f0 96 81 40 c0 6a
wlan2: IEEE 802.1X RX: version=2 type=3 length=183
WPA: RX EAPOL-Key - hexdump(len=187): 02 03 00 b7 02 13 c8 00 10 00 00 00 00 00 00 00 02 44 f4 fe 6a 60 75 cd 67 5a ab fd ae 04 a9 c5 49 74 91 2b 76 e1 e6 25 f6 02 af e2 02 bf 84 5e ee 00 00 00 00 00 00 00 00 00 00 00 00 00 00 00 00 00 00 00 00 00 00 00 00 00 00 00 00 00 00 00 00 f7 93 7a 54 b2 e3 ef c3 3b 52 4f 66 9b 90 58 c2 00 58 f2 3d da d2 b2 1a 3a 8d ed 54 2d 72 38 be d6 c6 6a 0d 83 63 0a 46 9a 80 c2 df 5f 9b f1 30 17 a4 df 1f ad 6b 97 81 60 04 c3 4d 8f 90 2c ea 46 9e 0b 7e c6 e6 36 45 a5 26 27 38 ab 05 87 21 27 1f 7b 9d 94 9e 1a c8 a0 07 d9 36 27 38 57 f1 d1 0f ad 23 f0 96 81 40 c0 6a
wlan2:   EAPOL-Key type=2
wlan2:   key_info 0x13c8 (ver=0 keyidx=0 rsvd=0 Pairwise Install Ack MIC Secure Encr)
wlan2:   key_length=16 key_data_length=88
  replay_counter - hexdump(len=8): 00 00 00 00 00 00 00 02
  key_nonce - hexdump(len=32): 44 f4 fe 6a 60 75 cd 67 5a ab fd ae 04 a9 c5 49 74 91 2b 76 e1 e6 25 f6 02 af e2 02 bf 84 5e ee
  key_iv - hexdump(len=16): 00 00 00 00 00 00 00 00 00 00 00 00 00 00 00 00
  key_rsc - hexdump(len=8): 00 00 00 00 00 00 00 00
  key_id (reserved) - hexdump(len=8): 00 00 00 00 00 00 00 00
  key_mic - hexdump(len=16): f7 93 7a 54 b2 e3 ef c3 3b 52 4f 66 9b 90 58 c2
WPA: EAPOL-Key MIC using AES-CMAC (AKM-defined - SAE)
RSN: encrypted key data - hexdump(len=88): f2 3d da d2 b2 1a 3a 8d ed 54 2d 72 38 be d6 c6 6a 0d 83 63 0a 46 9a 80 c2 df 5f 9b f1 30 17 a4 df 1f ad 6b 97 81 60 04 c3 4d 8f 90 2c ea 46 9e 0b 7e c6 e6 36 45 a5 26 27 38 ab 05 87 21 27 1f 7b 9d 94 9e 1a c8 a0 07 d9 36 27 38 57 f1 d1 0f ad 23 f0 96 81 40 c0 6a
WPA: Decrypt Key Data using AES-UNWRAP (KEK length 16)
WPA: decrypted EAPOL-Key key data - hexdump(len=80): 30 14 01 00 00 0f ac 04 01 00 00 0f ac 04 01 00 00 0f ac 08 c0 00 dd 16 00 0f ac 01 01 00 20 10 24 e5 85 49 8e 79 8f 6f d8 ca 9e 41 74 16 dd 1c 00 0f ac 09 04 00 00 00 00 00 00 00 83 c6 34 fe 8b 8f 79 8a a8 96 59 ea 6f 7e 51 5d dd 00 00 00
wlan2: State: 4WAY_HANDSHAKE -> 4WAY_HANDSHAKE
wlan2: RSN: RX message 3 of 4-Way Handshake from 02:00:00:00:00:00 (ver=0)
WPA: IE KeyData - hexdump(len=80): 30 14 01 00 00 0f ac 04 01 00 00 0f ac 04 01 00 00 0f ac 08 c0 00 dd 16 00 0f ac 01 01 00 20 10 24 e5 85 49 8e 79 8f 6f d8 ca 9e 41 74 16 dd 1c 00 0f ac 09 04 00 00 00 00 00 00 00 83 c6 34 fe 8b 8f 79 8a a8 96 59 ea 6f 7e 51 5d dd 00 00 00
WPA: RSN IE in EAPOL-Key - hexdump(len=22): 30 14 01 00 00 0f ac 04 01 00 00 0f ac 04 01 00 00 0f ac 08 c0 00
WPA: GTK in EAPOL-Key - hexdump(len=24): dd 16 00 0f ac 01 01 00 20 10 24 e5 85 49 8e 79 8f 6f d8 ca 9e 41 74 16
WPA: IGTK in EAPOL-Key - hexdump(len=30): dd 1c 00 0f ac 09 04 00 00 00 00 00 00 00 83 c6 34 fe 8b 8f 79 8a a8 96 59 ea 6f 7e 51 5d
wlan2: WPA: Sending EAPOL-Key 4/4
WPA: Send EAPOL-Key frame to 02:00:00:00:00:00 ver=0 mic_len=16 key_mgmt=0x400
WPA: EAPOL-Key MIC using AES-CMAC (AKM-defined - SAE)
WPA: KCK - hexdump(len=16): 9b 54 69 2b 50 86 10 97 af 0d 6a 1d 57 ac cc 7d
WPA: Derived Key MIC - hexdump(len=16): e1 f1 e7 4d b9 bd 8e 04 b8 8c 7b c4 7c da 02 bb
WPA: TX EAPOL-Key - hexdump(len=99): 01 03 00 5f 02 03 08 00 00 00 00 00 00 00 00 00 02 00 00 00 00 00 00 00 00 00 00 00 00 00 00 00 00 00 00 00 00 00 00 00 00 00 00 00 00 00 00 00 00 00 00 00 00 00 00 00 00 00 00 00 00 00 00 00 00 00 00 00 00 00 00 00 00 00 00 00 00 00 00 00 00 e1 f1 e7 4d b9 bd 8e 04 b8 8c 7b c4 7c da 02 bb 00 00
nl80211: Send over control port dest=02:00:00:00:00:00 proto=0x888e len=99 no_encrypt=1
nl80211: tx_control_port cookie=0x6
wlan2: WPA: Installing PTK to the driver
wpa_driver_nl80211_set_key: ifindex=5 (wlan2) alg=3 addr=0x60650e1bc3f0 key_idx=0 set_tx=1 seq_len=6 key_len=16 key_flag=0x2c link_id=-1
nl80211: NEW_KEY
nl80211: KEY_DATA - hexdump(len=16): a2 45 1b 27 8e 08 ba 36 96 49 2c 8a 67 02 f1 c5
nl80211: KEY_SEQ - hexdump(len=6): 00 00 00 00 00 00
   addr=02:00:00:00:00:00
   pairwise key
EAPOL: External notification - portValid=1
EAPOL: SUPP_PAE entering state AUTHENTICATED
EAPOL: Supplicant port status: Authorized
nl80211: Set supplicant port authorized for 02:00:00:00:00:00
EAPOL authentication completed - result=SUCCESS
wlan2: State: 4WAY_HANDSHAKE -> GROUP_HANDSHAKE
wlan2: Determining shared radio frequencies (max len 1)
wlan2: Shared frequencies (len=1): completed iteration
wlan2: freq[0]: 2412, flags=0x1
P2P: Add operating class 81
P2P: Channels - hexdump(len=11): 01 02 03 04 05 06 07 08 09 0a 0b
P2P: Add operating class 115
P2P: Channels - hexdump(len=4): 24 28 2c 30
P2P: Add operating class 116
P2P: Channels - hexdump(len=2): 24 2c
P2P: Add operating class 117
P2P: Channels - hexdump(len=2): 28 30
P2P: Add operating class 124
P2P: Channels - hexdump(len=4): 95 99 9d a1
P2P: Add operating class 125
P2P: Channels - hexdump(len=5): 95 99 9d a1 a5
P2P: Add operating class 126
P2P: Channels - hexdump(len=2): 95 9d
P2P: Add operating class 127
P2P: Channels - hexdump(len=2): 99 a1
P2P: Add operating class 128
P2P: Channels - hexdump(len=8): 24 28 2c 30 95 99 9d a1
P2P: Add operating class 130
P2P: Channels - hexdump(len=9): 24 28 2c 30 95 99 9d a1 a5
P2P: Update channel list
P2P: channels: 81:1,2,3,4,5,6,7,8,9,10,11 115:36,40,44,48 116:36,44 117:40,48 124:149,153,157,161 125:149,153,157,161,165 126:149,157 127:153,161 128:36,40,44,48,149,153,157,161 130:36,40,44,48,149,153,157,161,165
P2P: cli_channels:
RSN: received GTK in pairwise handshake - hexdump(len=18): 01 00 20 10 24 e5 85 49 8e 79 8f 6f d8 ca 9e 41 74 16
WPA: Group Key - hexdump(len=16): 20 10 24 e5 85 49 8e 79 8f 6f d8 ca 9e 41 74 16
wlan2: WPA: Installing GTK to the driver (keyidx=1 tx=0 len=16)
WPA: RSC - hexdump(len=6): 00 00 00 00 00 00
wpa_driver_nl80211_set_key: ifindex=5 (wlan2) alg=3 addr=0x6064f9834ae8 key_idx=1 set_tx=0 seq_len=6 key_len=16 key_flag=0x14 link_id=-1
nl80211: NEW_KEY
nl80211: KEY_DATA - hexdump(len=16): 20 10 24 e5 85 49 8e 79 8f 6f d8 ca 9e 41 74 16
nl80211: KEY_SEQ - hexdump(len=6): 00 00 00 00 00 00
   broadcast key
wlan2: WPA: IGTK keyid 4 pn 000000000000
WPA: IGTK - hexdump(len=16): 83 c6 34 fe 8b 8f 79 8a a8 96 59 ea 6f 7e 51 5d
wpa_driver_nl80211_set_key: ifindex=5 (wlan2) alg=4 addr=0x6064f9834ae8 key_idx=4 set_tx=0 seq_len=6 key_len=16 key_flag=0x14 link_id=-1
nl80211: NEW_KEY
nl80211: KEY_DATA - hexdump(len=16): 83 c6 34 fe 8b 8f 79 8a a8 96 59 ea 6f 7e 51 5d
nl80211: KEY_SEQ - hexdump(len=6): 00 00 00 00 00 00
   broadcast key
wlan2: WPA: Key negotiation completed with 02:00:00:00:00:00 [PTK=CCMP GTK=CCMP]
wlan2: Cancelling authentication timeout
wlan2: State: GROUP_HANDSHAKE -> COMPLETED
wlan2: Radio work 'sme-connect'@0x60650e1acac0 done in 0.209228 seconds
wlan2: radio_work_free('sme-connect'@0x60650e1acac0): num_active_works --> 0
wlan2: CTRL-EVENT-CONNECTED - Connection to 02:00:00:00:00:00 completed [id=0 id_str=]
nl80211: Set wlan2 operstate 0->1 (UP)
netlink: Operstate: ifindex=5 linkmode=-1 (no change), operstate=6 (IF_OPER_UP)
wlan2: Determining shared radio frequencies (max len 1)
wlan2: Shared frequencies (len=1): completed iteration
wlan2: freq[0]: 2412, flags=0x1
P2P: Add operating class 81
P2P: Channels - hexdump(len=11): 01 02 03 04 05 06 07 08 09 0a 0b
P2P: Add operating class 115
P2P: Channels - hexdump(len=4): 24 28 2c 30
P2P: Add operating class 116
P2P: Channels - hexdump(len=2): 24 2c
P2P: Add operating class 117
P2P: Channels - hexdump(len=2): 28 30
P2P: Add operating class 124
P2P: Channels - hexdump(len=4): 95 99 9d a1
P2P: Add operating class 125
P2P: Channels - hexdump(len=5): 95 99 9d a1 a5
P2P: Add operating class 126
P2P: Channels - hexdump(len=2): 95 9d
P2P: Add operating class 127
P2P: Channels - hexdump(len=2): 99 a1
P2P: Add operating class 128
P2P: Channels - hexdump(len=8): 24 28 2c 30 95 99 9d a1
P2P: Add operating class 130
P2P: Channels - hexdump(len=9): 24 28 2c 30 95 99 9d a1 a5
P2P: Update channel list
P2P: channels: 81:1,2,3,4,5,6,7,8,9,10,11 115:36,40,44,48 116:36,44 117:40,48 124:149,153,157,161 125:149,153,157,161,165 126:149,157 127:153,161 128:36,40,44,48,149,153,157,161 130:36,40,44,48,149,153,157,161,165
P2P: cli_channels:
EAPOL: External notification - portValid=1
EAPOL: External notification - EAP success=1
EAP: EAP entering state DISABLED
nl80211: Set rekey offload
nl80211: Driver does not support rekey offload
RTM_NEWLINK: ifi_index=5 ifname=wlan2 operstate=6 linkmode=1 ifi_family=0 ifi_flags=0x11043 ([UP][RUNNING][LOWER_UP])
nl80211: Event message available
nl80211: Drv Event 139 (NL80211_CMD_CONTROL_PORT_FRAME_TX_STATUS) received for wlan2
nl80211: Control port TX status (ack=1), cookie=6
wlan2: Event EAPOL_TX_STATUS (37) received
EAPOL: startWhen --> 0
EAPOL: disable timer tick
^Cp2p-dev-wlan2: Removing interface p2p-dev-wlan2
nl80211: Getting wowlan status
nl80211: Getting wowlan status failed
p2p-dev-wlan2: Request to deauthenticate - bssid=00:00:00:00:00:00 pending_bssid=00:00:00:00:00:00 reason=3 (DEAUTH_LEAVING) state=DISCONNECTED valid_links=0x0 ap_mld_addr=00:00:00:00:00:00
TDLS: Tear down peers
p2p-dev-wlan2: State: DISCONNECTED -> DISCONNECTED
nl80211: Set p2p-dev-wlan2 operstate 0->0 (DORMANT)
netlink: Operstate: ifindex=0 linkmode=-1 (no change), operstate=5 (IF_OPER_DORMANT)
EAPOL: External notification - portEnabled=0
EAPOL: External notification - portValid=0
QM: Clear all active DSCP policies
p2p-dev-wlan2: CTRL-EVENT-DSCP-POLICY clear_all
p2p-dev-wlan2: WPA: Clear old PMK and PTK
p2p-dev-wlan2: BSS: Remove id 0 BSSID 02:00:00:00:00:00 SSID 'testnetwork' due to wpa_bss_flush
p2p-dev-wlan2: Cancelling scan request
p2p-dev-wlan2: Cancelling authentication timeout
Off-channel: Clear pending Action frame TX (pending_action_tx=(nil)
HS20: Delete all stored icons
Off-channel: Action frame sequence done notification: pending_action_tx=(nil) drv_offchan_tx=1 action_tx_wait_time=0 off_channel_freq=0 roc_waiting_drv_freq=0
QM: Clear all active DSCP policies
p2p-dev-wlan2: CTRL-EVENT-DSCP-POLICY clear_all
p2p-dev-wlan2: P2P: Disable P2P since removing the management interface is being removed
P2P: All ASP advertisements flushed
P2P: Disabling Extended Listen Timing
P2P: Stopping find
P2P: Clear timeout (state=IDLE)
P2P: State IDLE -> IDLE
P2P: p2p_stop_listen_for_freq(freq=0) pending_listen_freq=0 in_listen=0 drv_in_listen=0
P2P: All ASP advertisements flushed
Remove interface p2p-dev-wlan2 from radio phy2
nl80211: deinit ifname=p2p-dev-wlan2 disabled_11b_rates=0
nl80211: Remove monitor interface: refcount=0
netlink: Operstate: ifindex=0 linkmode=0 (kernel-control), operstate=6 (IF_OPER_UP)
nl80211: Stop P2P Device p2p-dev-wlan2 (0x200000004): Success
nl80211: Unsubscribe mgmt frames handle 0x8888e8ed86aa5799 (deinit)
nl80211: Delete P2P Device p2p-dev-wlan2 (0x200000004): Success
p2p-dev-wlan2: CTRL-EVENT-TERMINATING 
wlan2: Removing interface wlan2
nl80211: Getting wowlan status
nl80211: Getting wowlan status failed
wlan2: Request to deauthenticate - bssid=02:00:00:00:00:00 pending_bssid=00:00:00:00:00:00 reason=3 (DEAUTH_LEAVING) state=COMPLETED valid_links=0x0 ap_mld_addr=00:00:00:00:00:00
TDLS: Tear down peers
wpa_driver_nl80211_deauthenticate(addr=02:00:00:00:00:00 reason_code=3)
nl80211: send_event_marker failed: Source based routing not supported
wlan2: Event DEAUTH (11) received
wlan2: Deauthentication notification
wlan2:  * reason 3 (DEAUTH_LEAVING) locally_generated=1
Deauthentication frame IE(s) - hexdump(len=0): [NULL]
wlan2: CTRL-EVENT-DISCONNECTED bssid=02:00:00:00:00:00 reason=3 locally_generated=1
wlan2: Auto connect disabled: do not try to re-connect
wlan2: Ignore connection failure indication since interface has been put into disconnected state
RSN: Clear current PMKSA entry selection
TDLS: Remove peers on disassociation
wlan2: WPA: Clear old PMK and PTK
wlan2: Disconnect event - remove keys
wpa_driver_nl80211_set_key: ifindex=5 (wlan2) alg=0 addr=(nil) key_idx=0 set_tx=0 seq_len=0 key_len=0 key_flag=0x10 link_id=-1
nl80211: DEL_KEY
   broadcast key
wpa_driver_nl80211_set_key: ifindex=5 (wlan2) alg=0 addr=(nil) key_idx=1 set_tx=0 seq_len=0 key_len=0 key_flag=0x10 link_id=-1
nl80211: DEL_KEY
   broadcast key
wpa_driver_nl80211_set_key: ifindex=5 (wlan2) alg=0 addr=(nil) key_idx=4 set_tx=0 seq_len=0 key_len=0 key_flag=0x10 link_id=-1
nl80211: DEL_KEY
   broadcast key
wpa_driver_nl80211_set_key: ifindex=5 (wlan2) alg=0 addr=0x60650e17def8 key_idx=0 set_tx=0 seq_len=0 key_len=0 key_flag=0x20 link_id=-1
nl80211: DEL_KEY
   addr=02:00:00:00:00:00
   pairwise key
nl80211: Data frame filter flags=0x0
wlan2: State: COMPLETED -> DISCONNECTED
nl80211: Set wlan2 operstate 1->0 (DORMANT)
netlink: Operstate: ifindex=5 linkmode=-1 (no change), operstate=5 (IF_OPER_DORMANT)
EAPOL: External notification - portEnabled=0
EAPOL: SUPP_PAE entering state DISCONNECTED
EAPOL: Supplicant port status: Unauthorized
nl80211: Skip set_supp_port(unauthorized) while not associated
EAPOL: SUPP_BE entering state INITIALIZE
EAPOL: External notification - portValid=0
EAPOL: External notification - EAP success=0
nl80211: Data frame filter flags=0x0
wlan2: State: DISCONNECTED -> DISCONNECTED
nl80211: Set wlan2 operstate 0->0 (DORMANT)
netlink: Operstate: ifindex=5 linkmode=-1 (no change), operstate=5 (IF_OPER_DORMANT)
EAPOL: External notification - portEnabled=0
EAPOL: External notification - portValid=0
QM: Clear all active DSCP policies
wlan2: CTRL-EVENT-DSCP-POLICY clear_all
RSN: Flush PMKSA cache entry for 02:00:00:00:00:00
wlan2: PMKSA-CACHE-REMOVED 02:00:00:00:00:00 0
nl80211: Delete PMKID for 02:00:00:00:00:00
nl80211: NL80211_CMD_DEL_PMKSA failed: -95 (Operation not supported)
wlan2: RSN: PMKSA cache entry free_cb: 02:00:00:00:00:00 reason=0
wlan2: WPA: Clear old PMK and PTK
wlan2: BSS: Remove id 0 BSSID 02:00:00:00:00:00 SSID 'testnetwork' due to wpa_bss_flush
wlan2: Cancelling scan request
wlan2: Cancelling authentication timeout
Off-channel: Clear pending Action frame TX (pending_action_tx=(nil)
nl80211: Data frame filter flags=0x0
HS20: Delete all stored icons
Off-channel: Action frame sequence done notification: pending_action_tx=(nil) drv_offchan_tx=1 action_tx_wait_time=0 off_channel_freq=0 roc_waiting_drv_freq=0
QM: Clear all active DSCP policies
wlan2: CTRL-EVENT-DSCP-POLICY clear_all
Remove interface wlan2 from radio phy2
Remove radio phy2
nl80211: deinit ifname=wlan2 disabled_11b_rates=0
nl80211: Remove monitor interface: refcount=0
netlink: Operstate: ifindex=5 linkmode=0 (kernel-control), operstate=6 (IF_OPER_UP)
nl80211: Set mode ifindex 5 iftype 2 (STATION)
nl80211: Unsubscribe mgmt frames handle 0x8888e8ed86932219 (mode change)
wlan2: CTRL-EVENT-TERMINATING 
[mathy@zbook-mathy wpa_supplicant]$
